2018.06.26 17:19:49,281	INFO	1	com.l2jmobius.commons.util.IXmlReader	Network Config: ipconfig.xml doesn't exists using automatic configuration...
2018.06.26 17:19:49,663	INFO	1	com.l2jmobius.commons.util.IXmlReader	Network Config: Adding new subnet: 127.0.0.0/8 address: 127.0.0.1
2018.06.26 17:19:49,673	INFO	1	com.l2jmobius.commons.util.IXmlReader	Network Config: Adding new subnet: 192.168.1.0/24 address: 192.168.1.2
2018.06.26 17:19:49,678	INFO	1	com.l2jmobius.commons.util.IXmlReader	Network Config: Adding new subnet: 0.0.0.0/0 address: 176.92.112.165
2018.06.26 17:19:49,763	INFO	1	com.l2jmobius.Config	Loaded 6 Filter Words.
2018.06.26 17:19:49,901	INFO	1	com.l2jmobius.gameserver.GameServer	------------------------------------------------=[ Database ]
2018.06.26 17:19:50,441	INFO	1	com.l2jmobius.commons.database.DatabaseFactory	Database: Initialized.
2018.06.26 17:19:50,442	INFO	1	com.l2jmobius.gameserver.GameServer	----------------------------------------------=[ ThreadPool ]
2018.06.26 17:19:50,498	INFO	1	com.l2jmobius.commons.concurrent.ThreadPool	ThreadPool: Initialized
2018.06.26 17:19:50,498	INFO	1	com.l2jmobius.commons.concurrent.ThreadPool	...8 scheduled pool executors with 320 total threads.
2018.06.26 17:19:50,498	INFO	1	com.l2jmobius.commons.concurrent.ThreadPool	...8 instant pool executors with 160 total threads.
2018.06.26 17:19:50,498	INFO	1	com.l2jmobius.gameserver.GameServer	-----------------------------------------------=[ IdFactory ]
2018.06.26 17:19:50,515	INFO	1	com.l2jmobius.gameserver.idfactory.BitSetIDFactory	Updated characters online status.
2018.06.26 17:19:50,628	INFO	1	com.l2jmobius.gameserver.idfactory.BitSetIDFactory	Cleaned 0 elements from database in 0 s
2018.06.26 17:19:50,632	INFO	1	com.l2jmobius.gameserver.idfactory.BitSetIDFactory	Cleaned 0 expired timestamps from database.
2018.06.26 17:19:50,636	INFO	1	com.l2jmobius.gameserver.idfactory.BitSetIDFactory	BitSetIDFactory: 102912 id's available.
2018.06.26 17:19:50,637	INFO	1	com.l2jmobius.gameserver.GameServer	---------------------------------------=[ Scripting Engines ]
2018.06.26 17:19:50,651	INFO	1	com.l2jmobius.gameserver.scripting.ScriptEngineManager	ScriptEngine: L2J Java Engine 1.0 (Java [0, 1, 2, 3, 4, 5, 6])
2018.06.26 17:19:50,849	INFO	1	com.l2jmobius.gameserver.scripting.ScriptEngineManager	Loaded 9 files to exclude.
2018.06.26 17:19:50,849	INFO	1	com.l2jmobius.gameserver.GameServer	--------------------------------------------------=[ Telnet ]
2018.06.26 17:19:50,960	INFO	1	com.l2jmobius.gameserver.network.telnet.TelnetServer	Telnet server is currently disabled.
2018.06.26 17:19:50,961	INFO	1	com.l2jmobius.gameserver.GameServer	---------------------------------------------------=[ World ]
2018.06.26 17:19:50,966	INFO	512	com.l2jmobius.gameserver.GameTimeController	GameTimeController: Started.
2018.06.26 17:19:51,465	INFO	1	com.l2jmobius.gameserver.model.L2World	L2World: (288 by 272 by 32) World Region Grid set up.
2018.06.26 17:19:51,669	INFO	1	com.l2jmobius.gameserver.instancemanager.MapRegionManager	MapRegionManager: Loaded 59 map regions.
2018.06.26 17:19:51,672	INFO	1	com.l2jmobius.gameserver.instancemanager.ZoneManager	ZoneManager 19 by 18 Zone Region Grid set up.
2018.06.26 17:19:52,364	INFO	1	com.l2jmobius.gameserver.instancemanager.ZoneManager	ZoneManager: Loaded 27 zone classes and 2819 zones.
2018.06.26 17:19:52,364	INFO	1	com.l2jmobius.gameserver.instancemanager.ZoneManager	ZoneManager: Loaded 16 NPC spawn territoriers.
2018.06.26 17:19:52,369	INFO	1	com.l2jmobius.gameserver.instancemanager.ZoneManager	ZoneManager: Last static id: 210109
2018.06.26 17:19:52,805	INFO	1	com.l2jmobius.gameserver.data.xml.impl.DoorData	DoorData: Loaded 1512 Door Templates for 24 regions.
2018.06.26 17:19:52,813	INFO	1	FenceData	Loaded 1 Fences.
2018.06.26 17:19:52,830	INFO	1	com.l2jmobius.gameserver.instancemanager.GlobalVariablesManager	GlobalVariablesManager: Loaded 7 variables.
2018.06.26 17:19:52,831	INFO	1	com.l2jmobius.gameserver.GameServer	----------------------------------------------------=[ Data ]
2018.06.26 17:19:52,840	INFO	1	com.l2jmobius.gameserver.data.xml.impl.ActionData	ActionData: Loaded 215 player actions.
2018.06.26 17:19:52,907	INFO	1	com.l2jmobius.gameserver.data.xml.impl.CategoryData	CategoryData: Loaded 215 Categories.
2018.06.26 17:19:52,913	INFO	1	com.l2jmobius.gameserver.data.xml.impl.SecondaryAuthData	SecondaryAuthData: Loaded 328 forbidden passwords.
2018.06.26 17:19:52,919	INFO	1	com.l2jmobius.gameserver.data.xml.impl.AbilityPointsData	AbilityPointsData: Loaded 4 range fees.
2018.06.26 17:19:55,131	INFO	1	com.l2jmobius.gameserver.datatables.ItemTable	ItemTable: Highest item id used: 49798
2018.06.26 17:19:55,138	INFO	1	com.l2jmobius.gameserver.datatables.ItemTable	ItemTable: Loaded: 20834 Etc Items
2018.06.26 17:19:55,138	INFO	1	com.l2jmobius.gameserver.datatables.ItemTable	ItemTable: Loaded: 11140 Armor Items
2018.06.26 17:19:55,138	INFO	1	com.l2jmobius.gameserver.datatables.ItemTable	ItemTable: Loaded: 8628 Weapon Items
2018.06.26 17:19:55,138	INFO	1	com.l2jmobius.gameserver.datatables.ItemTable	ItemTable: Loaded: 40602 Items in total.
2018.06.26 17:19:55,148	INFO	1	com.l2jmobius.gameserver.data.xml.impl.CombinationItemsData	CombinationItemsData: Loaded 830 combinations.
2018.06.26 17:19:55,161	INFO	1	com.l2jmobius.gameserver.data.xml.impl.SayuneData	SayuneData: Loaded: 40 maps.
2018.06.26 17:19:55,176	INFO	1	com.l2jmobius.gameserver.data.xml.impl.ClanRewardData	ClanRewardData: Loaded: 4 rewards for MEMBERS_ONLINE
2018.06.26 17:19:55,176	INFO	1	com.l2jmobius.gameserver.data.xml.impl.ClanRewardData	ClanRewardData: Loaded: 4 rewards for HUNTING_MONSTERS
2018.06.26 17:19:55,805	INFO	1	handlers.DailyMissionMasterHandler	DailyMissionMasterHandler:  Loaded 7 handlers.
2018.06.26 17:19:55,847	INFO	1	com.l2jmobius.gameserver.data.xml.impl.DailyMissionData	DailyMissionData: Loaded 59 one day rewards.
2018.06.26 17:19:55,847	INFO	1	com.l2jmobius.gameserver.GameServer	--------------------------------------------------=[ Skills ]
2018.06.26 17:19:58,208	INFO	1	handlers.EffectMasterHandler	EffectMasterHandler: Loaded 331 effect handlers.
2018.06.26 17:19:58,222	INFO	1	com.l2jmobius.gameserver.data.xml.impl.EnchantSkillGroupsData	EnchantSkillGroupsData: Loaded 30 enchant routes, max enchant set to 30.
2018.06.26 17:20:02,778	INFO	1	com.l2jmobius.gameserver.data.xml.impl.SkillData	SkillData: Loaded 150332 Skills.
2018.06.26 17:20:03,512	INFO	1	com.l2jmobius.gameserver.data.xml.impl.SkillTreesData	SkillTreesData: Loaded 26839 Class Skills for 145 Class Skill Trees.
2018.06.26 17:20:03,512	INFO	1	com.l2jmobius.gameserver.data.xml.impl.SkillTreesData	SkillTreesData: Loaded 24 Sub-Class Skills.
2018.06.26 17:20:03,512	INFO	1	com.l2jmobius.gameserver.data.xml.impl.SkillTreesData	SkillTreesData: Loaded 38 Dual-Class Skills.
2018.06.26 17:20:03,512	INFO	1	com.l2jmobius.gameserver.data.xml.impl.SkillTreesData	SkillTreesData: Loaded 104 Transfer Skills for 3 Transfer Skill Trees.
2018.06.26 17:20:03,512	INFO	1	com.l2jmobius.gameserver.data.xml.impl.SkillTreesData	SkillTreesData: Loaded 17 Race skills for 7 Race Skill Trees.
2018.06.26 17:20:03,512	INFO	1	com.l2jmobius.gameserver.data.xml.impl.SkillTreesData	SkillTreesData: Loaded 35 Fishing Skills, 8 Dwarven only Fishing Skills.
2018.06.26 17:20:03,512	INFO	1	com.l2jmobius.gameserver.data.xml.impl.SkillTreesData	SkillTreesData: Loaded 3 Collect Skills.
2018.06.26 17:20:03,512	INFO	1	com.l2jmobius.gameserver.data.xml.impl.SkillTreesData	SkillTreesData: Loaded 171 Pledge Skills, 141 for Pledge and 30 Residential.
2018.06.26 17:20:03,512	INFO	1	com.l2jmobius.gameserver.data.xml.impl.SkillTreesData	SkillTreesData: Loaded 18 Sub-Pledge Skills.
2018.06.26 17:20:03,513	INFO	1	com.l2jmobius.gameserver.data.xml.impl.SkillTreesData	SkillTreesData: Loaded 32 Transform Skills.
2018.06.26 17:20:03,513	INFO	1	com.l2jmobius.gameserver.data.xml.impl.SkillTreesData	SkillTreesData: Loaded 17 Noble Skills.
2018.06.26 17:20:03,513	INFO	1	com.l2jmobius.gameserver.data.xml.impl.SkillTreesData	SkillTreesData: Loaded 5 Hero Skills.
2018.06.26 17:20:03,513	INFO	1	com.l2jmobius.gameserver.data.xml.impl.SkillTreesData	SkillTreesData: Loaded 61 Game Master Skills.
2018.06.26 17:20:03,513	INFO	1	com.l2jmobius.gameserver.data.xml.impl.SkillTreesData	SkillTreesData: Loaded 61 Game Master Aura Skills.
2018.06.26 17:20:03,513	INFO	1	com.l2jmobius.gameserver.data.xml.impl.SkillTreesData	SkillTreesData: Loaded 101 Ability Skills.
2018.06.26 17:20:03,513	INFO	1	com.l2jmobius.gameserver.data.xml.impl.SkillTreesData	SkillTreesData: Loaded 112 Alchemy Skills.
2018.06.26 17:20:03,513	INFO	1	com.l2jmobius.gameserver.data.xml.impl.SkillTreesData	SkillTreesData: Loaded 34 Class Awaken Save Skills.
2018.06.26 17:20:03,513	INFO	1	com.l2jmobius.gameserver.data.xml.impl.SkillTreesData	SkillTreesData: Loaded 20 Revelation Skills.
2018.06.26 17:20:03,513	INFO	1	com.l2jmobius.gameserver.data.xml.impl.SkillTreesData	SkillTreesData: Loaded 32 Common Skills to all classes.
2018.06.26 17:20:03,528	INFO	1	com.l2jmobius.gameserver.data.xml.impl.PetSkillData	PetSkillData: Loaded 1046 skills.
2018.06.26 17:20:03,528	INFO	1	com.l2jmobius.gameserver.GameServer	---------------------------------------------------=[ Items ]
2018.06.26 17:20:03,771	INFO	1	com.l2jmobius.gameserver.data.xml.impl.EnchantItemGroupsData	EnchantItemGroupsData: Loaded: 4 item group templates.
2018.06.26 17:20:03,771	INFO	1	com.l2jmobius.gameserver.data.xml.impl.EnchantItemGroupsData	EnchantItemGroupsData: Loaded: 1 scroll group templates.
2018.06.26 17:20:03,785	INFO	1	com.l2jmobius.gameserver.data.xml.impl.EnchantItemData	EnchantItemData: Loaded 244 Enchant Scrolls.
2018.06.26 17:20:03,786	INFO	1	com.l2jmobius.gameserver.data.xml.impl.EnchantItemData	EnchantItemData: Loaded 100 Support Items.
2018.06.26 17:20:03,801	INFO	1	com.l2jmobius.gameserver.data.xml.impl.EnchantItemOptionsData	EnchantItemOptionsData: Loaded: 51 Items and 1437 Options.
2018.06.26 17:20:03,819	INFO	1	com.l2jmobius.gameserver.data.xml.impl.ItemCrystallizationData	ItemCrystallizationData: Loaded 12 crystallization templates.
2018.06.26 17:20:03,819	INFO	1	com.l2jmobius.gameserver.data.xml.impl.ItemCrystallizationData	ItemCrystallizationData: Loaded 278 pre-defined crystallizable items.
2018.06.26 17:20:03,832	INFO	1	com.l2jmobius.gameserver.data.xml.impl.ItemCrystallizationData	ItemCrystallizationData: Generated 5767 crystallizable items from templates.
2018.06.26 17:20:04,764	WARNING	20	com.l2jmobius.gameserver.Shutdown	Server scheduled restart issued shutdown command. Restart in 1 seconds!
2018.06.26 17:20:05,092	INFO	1	com.l2jmobius.gameserver.data.xml.impl.OptionData	OptionData: Loaded: 32989 Options.
2018.06.26 17:20:05,188	INFO	1	VariationData	VariationData: Loaded 117 Variations.
2018.06.26 17:20:05,188	INFO	1	VariationData	VariationData: Loaded 4694 Fees.
2018.06.26 17:20:05,206	INFO	1	com.l2jmobius.gameserver.data.xml.impl.EnsoulData	EnsoulData: Loaded: 10 fees
2018.06.26 17:20:05,206	INFO	1	com.l2jmobius.gameserver.data.xml.impl.EnsoulData	EnsoulData: Loaded: 742 options
2018.06.26 17:20:05,206	INFO	1	com.l2jmobius.gameserver.data.xml.impl.EnsoulData	EnsoulData: Loaded: 104 stones
2018.06.26 17:20:05,208	INFO	1	com.l2jmobius.gameserver.data.xml.impl.EnchantItemHPBonusData	EnchantItemHPBonusData: Loaded 11 Enchant HP Bonuses.
2018.06.26 17:20:05,766	WARNING	520	com.l2jmobius.gameserver.Shutdown	GM shutdown countdown is over. shutting down NOW!
