Οκτ 02, 2019 1:36:01 Μ.Μ. org.l2jmobius.gameserver.model.olympiad.Olympiad load
WARNING: Olympiad System: Error loading noblesse data from database: 
java.sql.SQLSyntaxErrorException: (conn=586921) Unknown column 'olympiad_nobles.competitions_done_week_classed' in 'field list'
	at org.mariadb.jdbc.internal.util.exceptions.ExceptionMapper.get(ExceptionMapper.java:242)
	at org.mariadb.jdbc.internal.util.exceptions.ExceptionMapper.getException(ExceptionMapper.java:171)
	at org.mariadb.jdbc.MariaDbStatement.executeExceptionEpilogue(MariaDbStatement.java:248)
	at org.mariadb.jdbc.ClientSidePreparedStatement.executeInternal(ClientSidePreparedStatement.java:230)
	at org.mariadb.jdbc.ClientSidePreparedStatement.execute(ClientSidePreparedStatement.java:157)
	at org.mariadb.jdbc.ClientSidePreparedStatement.executeQuery(ClientSidePreparedStatement.java:172)
	at com.zaxxer.hikari.pool.ProxyPreparedStatement.executeQuery(ProxyPreparedStatement.java:52)
	at com.zaxxer.hikari.pool.HikariProxyPreparedStatement.executeQuery(HikariProxyPreparedStatement.java)
	at org.l2jmobius.gameserver.model.olympiad.Olympiad.load(Olympiad.java:230)
	at org.l2jmobius.gameserver.model.olympiad.Olympiad.<init>(Olympiad.java:137)
	at org.l2jmobius.gameserver.model.olympiad.Olympiad$SingletonHolder.<clinit>(Olympiad.java:1320)
	at org.l2jmobius.gameserver.model.olympiad.Olympiad.getInstance(Olympiad.java:1315)
	at org.l2jmobius.gameserver.GameServer.<init>(GameServer.java:327)
	at org.l2jmobius.gameserver.GameServer.main(GameServer.java:489)
Caused by: java.sql.SQLException: Unknown column 'olympiad_nobles.competitions_done_week_classed' in 'field list'
	at org.mariadb.jdbc.internal.protocol.AbstractQueryProtocol.readErrorPacket(AbstractQueryProtocol.java:1594)
	at org.mariadb.jdbc.internal.protocol.AbstractQueryProtocol.readPacket(AbstractQueryProtocol.java:1453)
	at org.mariadb.jdbc.internal.protocol.AbstractQueryProtocol.getResult(AbstractQueryProtocol.java:1415)
	at org.mariadb.jdbc.internal.protocol.AbstractQueryProtocol.executeQuery(AbstractQueryProtocol.java:289)
	at org.mariadb.jdbc.ClientSidePreparedStatement.executeInternal(ClientSidePreparedStatement.java:221)
	... 10 more

Οκτ 02, 2019 1:36:43 Μ.Μ. org.l2jmobius.gameserver.scripting.ScriptEngineManager executeScriptList
WARNING: ScriptEngine: C:\eclipse\workspace\L2J_Mobius_1.0_Ertheia\dist\game\data\scripts\ai\bosses\Anakim\Anakim.java failed execution!
java.lang.reflect.InvocationTargetException
	at java.base/jdk.internal.reflect.NativeMethodAccessorImpl.invoke0(Native Method)
	at java.base/jdk.internal.reflect.NativeMethodAccessorImpl.invoke(NativeMethodAccessorImpl.java:62)
	at java.base/jdk.internal.reflect.DelegatingMethodAccessorImpl.invoke(DelegatingMethodAccessorImpl.java:43)
	at java.base/java.lang.reflect.Method.invoke(Method.java:567)
	at org.l2jmobius.gameserver.scripting.java.JavaExecutionContext.executeScripts(JavaExecutionContext.java:211)
	at org.l2jmobius.gameserver.scripting.ScriptEngineManager.executeScriptList(ScriptEngineManager.java:180)
	at org.l2jmobius.gameserver.GameServer.<init>(GameServer.java:363)
	at org.l2jmobius.gameserver.GameServer.main(GameServer.java:489)
Caused by: java.lang.NullPointerException
	at org.l2jmobius.gameserver.instancemanager.GrandBossManager.getBossStatus(GrandBossManager.java:112)
	at ai.bosses.Anakim.Anakim.<init>(Anakim.java:345)
	at ai.bosses.Anakim.Anakim.main(Anakim.java:709)
	... 8 more

Οκτ 02, 2019 1:36:43 Μ.Μ. org.l2jmobius.gameserver.scripting.ScriptEngineManager executeScriptList
WARNING: ScriptEngine: C:\eclipse\workspace\L2J_Mobius_1.0_Ertheia\dist\game\data\scripts\ai\bosses\Orfen\Orfen.java failed execution!
java.lang.reflect.InvocationTargetException
	at java.base/jdk.internal.reflect.NativeMethodAccessorImpl.invoke0(Native Method)
	at java.base/jdk.internal.reflect.NativeMethodAccessorImpl.invoke(NativeMethodAccessorImpl.java:62)
	at java.base/jdk.internal.reflect.DelegatingMethodAccessorImpl.invoke(DelegatingMethodAccessorImpl.java:43)
	at java.base/java.lang.reflect.Method.invoke(Method.java:567)
	at org.l2jmobius.gameserver.scripting.java.JavaExecutionContext.executeScripts(JavaExecutionContext.java:211)
	at org.l2jmobius.gameserver.scripting.ScriptEngineManager.executeScriptList(ScriptEngineManager.java:180)
	at org.l2jmobius.gameserver.GameServer.<init>(GameServer.java:363)
	at org.l2jmobius.gameserver.GameServer.main(GameServer.java:489)
Caused by: java.lang.NullPointerException
	at org.l2jmobius.gameserver.instancemanager.GrandBossManager.getBossStatus(GrandBossManager.java:112)
	at ai.bosses.Orfen.Orfen.<init>(Orfen.java:96)
	at ai.bosses.Orfen.Orfen.main(Orfen.java:348)
	... 8 more

Οκτ 02, 2019 1:36:43 Μ.Μ. org.l2jmobius.gameserver.scripting.ScriptEngineManager executeScriptList
WARNING: ScriptEngine: C:\eclipse\workspace\L2J_Mobius_1.0_Ertheia\dist\game\data\scripts\ai\bosses\Lilith\Lilith.java failed execution!
java.lang.reflect.InvocationTargetException
	at java.base/jdk.internal.reflect.NativeMethodAccessorImpl.invoke0(Native Method)
	at java.base/jdk.internal.reflect.NativeMethodAccessorImpl.invoke(NativeMethodAccessorImpl.java:62)
	at java.base/jdk.internal.reflect.DelegatingMethodAccessorImpl.invoke(DelegatingMethodAccessorImpl.java:43)
	at java.base/java.lang.reflect.Method.invoke(Method.java:567)
	at org.l2jmobius.gameserver.scripting.java.JavaExecutionContext.executeScripts(JavaExecutionContext.java:211)
	at org.l2jmobius.gameserver.scripting.ScriptEngineManager.executeScriptList(ScriptEngineManager.java:180)
	at org.l2jmobius.gameserver.GameServer.<init>(GameServer.java:363)
	at org.l2jmobius.gameserver.GameServer.main(GameServer.java:489)
Caused by: java.lang.NullPointerException
	at org.l2jmobius.gameserver.instancemanager.GrandBossManager.getBossStatus(GrandBossManager.java:112)
	at ai.bosses.Lilith.Lilith.<init>(Lilith.java:371)
	at ai.bosses.Lilith.Lilith.main(Lilith.java:731)
	... 8 more

