2019.10.02 13:35:34,966	INFO	1	org.l2jmobius.commons.util.IXmlReader	Network Config: ipconfig.xml doesn't exists using automatic configuration...
2019.10.02 13:35:35,383	INFO	1	org.l2jmobius.commons.util.IXmlReader	Network Config: Adding new subnet: 127.0.0.0/8 address: 127.0.0.1
2019.10.02 13:35:35,390	INFO	1	org.l2jmobius.commons.util.IXmlReader	Network Config: Adding new subnet: 192.168.1.0/24 address: 192.168.1.4
2019.10.02 13:35:35,401	INFO	1	org.l2jmobius.commons.util.IXmlReader	Network Config: Adding new subnet: 0.0.0.0/0 address: 178.59.8.209
2019.10.02 13:35:35,436	INFO	1	org.l2jmobius.Config	Loaded 6 Filter Words.
2019.10.02 13:35:35,457	INFO	1	org.l2jmobius.gameserver.GameServer	------------------------------------------------=[ Database ]
2019.10.02 13:35:35,627	INFO	1	org.l2jmobius.commons.database.DatabaseFactory	Database: Initialized.
2019.10.02 13:35:35,627	INFO	1	org.l2jmobius.gameserver.GameServer	----------------------------------------------=[ ThreadPool ]
2019.10.02 13:35:35,640	INFO	1	org.l2jmobius.commons.concurrent.ThreadPool	ThreadPool: Initialized
2019.10.02 13:35:35,641	INFO	1	org.l2jmobius.commons.concurrent.ThreadPool	...scheduled pool executor with 40 total threads.
2019.10.02 13:35:35,641	INFO	1	org.l2jmobius.commons.concurrent.ThreadPool	...instant pool executor with 20 total threads.
2019.10.02 13:35:35,641	INFO	1	org.l2jmobius.gameserver.GameServer	-----------------------------------------------=[ IdFactory ]
2019.10.02 13:35:35,653	INFO	1	org.l2jmobius.gameserver.idfactory.BitSetIDFactory	Updated characters online status.
2019.10.02 13:35:35,687	INFO	1	org.l2jmobius.gameserver.idfactory.BitSetIDFactory	Cleaned 0 elements from database in 0 s
2019.10.02 13:35:35,701	INFO	1	org.l2jmobius.gameserver.idfactory.BitSetIDFactory	Cleaned 0 expired timestamps from database.
2019.10.02 13:35:35,711	INFO	1	org.l2jmobius.gameserver.idfactory.BitSetIDFactory	BitSetIDFactory: 102912 id's available.
2019.10.02 13:35:35,712	INFO	1	org.l2jmobius.gameserver.GameServer	----------------------------------------=[ Scripting Engine ]
2019.10.02 13:35:36,092	INFO	1	org.l2jmobius.gameserver.scripting.ScriptEngineManager	Loaded 764 files to exclude.
2019.10.02 13:35:36,092	INFO	1	org.l2jmobius.gameserver.GameServer	--------------------------------------------------=[ Telnet ]
2019.10.02 13:35:36,287	INFO	1	org.l2jmobius.gameserver.network.telnet.TelnetServer	Telnet server is currently disabled.
2019.10.02 13:35:36,287	INFO	1	org.l2jmobius.gameserver.GameServer	---------------------------------------------------=[ World ]
2019.10.02 13:35:36,291	INFO	90	org.l2jmobius.gameserver.GameTimeController	GameTimeController: Started.
2019.10.02 13:35:36,409	INFO	1	org.l2jmobius.gameserver.model.World	World: (288 by 272) World Region Grid set up.
2019.10.02 13:35:36,832	INFO	1	org.l2jmobius.gameserver.instancemanager.MapRegionManager	MapRegionManager: Loaded 59 map regions.
2019.10.02 13:35:36,851	INFO	1	org.l2jmobius.gameserver.instancemanager.ZoneManager	ZoneManager 19 by 18 Zone Region Grid set up.
2019.10.02 13:35:37,916	INFO	1	org.l2jmobius.gameserver.instancemanager.ZoneManager	ZoneManager: Loaded 32 zone classes and 2831 zones.
2019.10.02 13:35:37,917	INFO	1	org.l2jmobius.gameserver.instancemanager.ZoneManager	ZoneManager: Loaded 16 NPC spawn territoriers.
2019.10.02 13:35:37,922	INFO	1	org.l2jmobius.gameserver.instancemanager.ZoneManager	ZoneManager: Last static id 200224.
2019.10.02 13:35:38,699	INFO	1	org.l2jmobius.gameserver.data.xml.impl.DoorData	DoorData: Loaded 1471 Door Templates for 24 regions.
2019.10.02 13:35:38,714	INFO	1	FenceData	Loaded 1 fences.
2019.10.02 13:35:38,729	INFO	1	org.l2jmobius.gameserver.instancemanager.GlobalVariablesManager	GlobalVariablesManager: Loaded 7 variables.
2019.10.02 13:35:38,730	INFO	1	org.l2jmobius.gameserver.GameServer	----------------------------------------------------=[ Data ]
2019.10.02 13:35:38,745	INFO	1	org.l2jmobius.gameserver.data.xml.impl.ActionData	ActionData: Loaded 216 player actions.
2019.10.02 13:35:38,824	INFO	1	org.l2jmobius.gameserver.data.xml.impl.CategoryData	CategoryData: Loaded 215 categories.
2019.10.02 13:35:38,832	INFO	1	org.l2jmobius.gameserver.data.xml.impl.SecondaryAuthData	SecondaryAuthData: Loaded 328 forbidden passwords.
2019.10.02 13:35:38,839	INFO	1	org.l2jmobius.gameserver.data.xml.impl.AbilityPointsData	AbilityPointsData: Loaded 4 range fees.
2019.10.02 13:35:41,552	INFO	1	org.l2jmobius.gameserver.datatables.ItemTable	ItemTable: Highest item id used: 45577
2019.10.02 13:35:41,559	INFO	1	org.l2jmobius.gameserver.datatables.ItemTable	ItemTable: Loaded 19142 Etc Items
2019.10.02 13:35:41,559	INFO	1	org.l2jmobius.gameserver.datatables.ItemTable	ItemTable: Loaded 8902 Armor Items
2019.10.02 13:35:41,559	INFO	1	org.l2jmobius.gameserver.datatables.ItemTable	ItemTable: Loaded 8328 Weapon Items
2019.10.02 13:35:41,560	INFO	1	org.l2jmobius.gameserver.datatables.ItemTable	ItemTable: Loaded 36372 Items in total.
2019.10.02 13:35:41,571	INFO	1	org.l2jmobius.gameserver.data.xml.impl.CombinationItemsData	CombinationItemsData: Loaded 620 combinations.
2019.10.02 13:35:41,590	INFO	1	org.l2jmobius.gameserver.data.xml.impl.SayuneData	SayuneData: Loaded 67 maps.
2019.10.02 13:35:41,611	INFO	1	org.l2jmobius.gameserver.data.xml.impl.ClanRewardData	ClanRewardData: Loaded 4 rewards for MEMBERS_ONLINE.
2019.10.02 13:35:41,611	INFO	1	org.l2jmobius.gameserver.data.xml.impl.ClanRewardData	ClanRewardData: Loaded 4 rewards for HUNTING_MONSTERS.
2019.10.02 13:35:41,611	INFO	1	org.l2jmobius.gameserver.GameServer	--------------------------------------------------=[ Skills ]
2019.10.02 13:35:43,741	INFO	1	handlers.EffectMasterHandler	EffectMasterHandler: Loaded 338 effect handlers.
2019.10.02 13:35:43,758	INFO	1	org.l2jmobius.gameserver.data.xml.impl.EnchantSkillGroupsData	EnchantSkillGroupsData: Loaded 10 enchant routes, max enchant set to 10.
2019.10.02 13:35:48,059	INFO	1	org.l2jmobius.gameserver.data.xml.impl.SkillData	SkillData: Loaded 121846 Skills.
2019.10.02 13:35:49,031	INFO	1	org.l2jmobius.gameserver.data.xml.impl.SkillTreesData	SkillTreesData: Loaded 23128 Class skills for 145 class skill trees.
2019.10.02 13:35:49,031	INFO	1	org.l2jmobius.gameserver.data.xml.impl.SkillTreesData	SkillTreesData: Loaded 24 sub-class skills.
2019.10.02 13:35:49,031	INFO	1	org.l2jmobius.gameserver.data.xml.impl.SkillTreesData	SkillTreesData: Loaded 38 dual-class skills.
2019.10.02 13:35:49,032	INFO	1	org.l2jmobius.gameserver.data.xml.impl.SkillTreesData	SkillTreesData: Loaded 104 transfer skills for 3 transfer skill trees.
2019.10.02 13:35:49,032	INFO	1	org.l2jmobius.gameserver.data.xml.impl.SkillTreesData	SkillTreesData: Loaded 17 race skills for 7 race skill trees.
2019.10.02 13:35:49,032	INFO	1	org.l2jmobius.gameserver.data.xml.impl.SkillTreesData	SkillTreesData: Loaded 35 fishing skills, 8 Dwarven only fishing skills.
2019.10.02 13:35:49,032	INFO	1	org.l2jmobius.gameserver.data.xml.impl.SkillTreesData	SkillTreesData: Loaded 3 collect skills.
2019.10.02 13:35:49,032	INFO	1	org.l2jmobius.gameserver.data.xml.impl.SkillTreesData	SkillTreesData: Loaded 171 clan skills, 141 for clan and 30 residential.
2019.10.02 13:35:49,032	INFO	1	org.l2jmobius.gameserver.data.xml.impl.SkillTreesData	SkillTreesData: Loaded 18 sub-pledge skills.
2019.10.02 13:35:49,033	INFO	1	org.l2jmobius.gameserver.data.xml.impl.SkillTreesData	SkillTreesData: Loaded 32 transform skills.
2019.10.02 13:35:49,033	INFO	1	org.l2jmobius.gameserver.data.xml.impl.SkillTreesData	SkillTreesData: Loaded 8 noble skills.
2019.10.02 13:35:49,033	INFO	1	org.l2jmobius.gameserver.data.xml.impl.SkillTreesData	SkillTreesData: Loaded 5 hero skills.
2019.10.02 13:35:49,033	INFO	1	org.l2jmobius.gameserver.data.xml.impl.SkillTreesData	SkillTreesData: Loaded 61 game master skills.
2019.10.02 13:35:49,033	INFO	1	org.l2jmobius.gameserver.data.xml.impl.SkillTreesData	SkillTreesData: Loaded 61 game master aura skills.
2019.10.02 13:35:49,033	INFO	1	org.l2jmobius.gameserver.data.xml.impl.SkillTreesData	SkillTreesData: Loaded 101 ability skills.
2019.10.02 13:35:49,034	INFO	1	org.l2jmobius.gameserver.data.xml.impl.SkillTreesData	SkillTreesData: Loaded 104 alchemy skills.
2019.10.02 13:35:49,034	INFO	1	org.l2jmobius.gameserver.data.xml.impl.SkillTreesData	SkillTreesData: Loaded 36 class awaken save skills.
2019.10.02 13:35:49,034	INFO	1	org.l2jmobius.gameserver.data.xml.impl.SkillTreesData	SkillTreesData: Loaded 20 Revelation skills.
2019.10.02 13:35:49,034	INFO	1	org.l2jmobius.gameserver.data.xml.impl.SkillTreesData	SkillTreesData: Loaded 27 common skills.
2019.10.02 13:35:49,070	INFO	1	org.l2jmobius.gameserver.data.xml.impl.PetSkillData	PetSkillData: Loaded 1046 skills.
2019.10.02 13:35:49,070	INFO	1	org.l2jmobius.gameserver.GameServer	---------------------------------------------------=[ Items ]
2019.10.02 13:35:49,206	INFO	1	org.l2jmobius.gameserver.data.xml.impl.EnchantItemGroupsData	EnchantItemGroupsData: Loaded 4 item group templates.
2019.10.02 13:35:49,206	INFO	1	org.l2jmobius.gameserver.data.xml.impl.EnchantItemGroupsData	EnchantItemGroupsData: Loaded 1 scroll group templates.
2019.10.02 13:35:49,226	INFO	1	org.l2jmobius.gameserver.data.xml.impl.EnchantItemData	EnchantItemData: Loaded 243 enchant scrolls.
2019.10.02 13:35:49,226	INFO	1	org.l2jmobius.gameserver.data.xml.impl.EnchantItemData	EnchantItemData: Loaded 97 support items.
2019.10.02 13:35:49,250	INFO	1	org.l2jmobius.gameserver.data.xml.impl.EnchantItemOptionsData	EnchantItemOptionsData: Loaded 45 items and 1371 options.
2019.10.02 13:35:49,278	INFO	1	org.l2jmobius.gameserver.data.xml.impl.ItemCrystallizationData	ItemCrystallizationData: Loaded 12 crystallization templates.
2019.10.02 13:35:49,278	INFO	1	org.l2jmobius.gameserver.data.xml.impl.ItemCrystallizationData	ItemCrystallizationData: Loaded 278 pre-defined crystallizable items.
2019.10.02 13:35:49,296	INFO	1	org.l2jmobius.gameserver.data.xml.impl.ItemCrystallizationData	ItemCrystallizationData: Generated 5205 crystallizable items from templates.
2019.10.02 13:35:50,674	INFO	1	org.l2jmobius.gameserver.data.xml.impl.OptionData	OptionData: Loaded 30399 options.
2019.10.02 13:35:50,841	INFO	1	VariationData	VariationData: Loaded 106 variations.
2019.10.02 13:35:50,842	INFO	1	VariationData	VariationData: Loaded 4660 fees.
2019.10.02 13:35:50,848	INFO	1	org.l2jmobius.gameserver.data.xml.impl.EnchantItemHPBonusData	EnchantItemHPBonusData: Loaded 11 enchant HP bonuses.
2019.10.02 13:35:52,368	INFO	1	org.l2jmobius.gameserver.data.xml.impl.BuyListData	BuyListData: Loaded 852 buyLists.
2019.10.02 13:35:53,427	INFO	1	org.l2jmobius.gameserver.data.xml.impl.MultisellData	MultisellData: Loaded 367 multisell lists.
2019.10.02 13:35:53,531	INFO	1	org.l2jmobius.gameserver.data.xml.impl.RecipeData	RecipeData: Loaded 1601 recipes.
2019.10.02 13:35:53,575	INFO	1	org.l2jmobius.gameserver.data.xml.impl.ArmorSetsData	ArmorSetsData: Loaded 282 armor sets.
2019.10.02 13:35:53,582	INFO	1	org.l2jmobius.gameserver.data.xml.impl.FishingData	FishingData: Loaded 2 bait and 2 rod data.
2019.10.02 13:35:53,654	INFO	1	org.l2jmobius.gameserver.data.xml.impl.HennaData	HennaData: Loaded 460 henna data.
2019.10.02 13:35:53,671	INFO	1	org.l2jmobius.gameserver.data.xml.impl.PrimeShopData	PrimeShopData: Loaded 179 items.
2019.10.02 13:35:53,707	INFO	1	org.l2jmobius.gameserver.data.xml.impl.AppearanceItemData	AppearanceItemData: Loaded 1025 stones.
2019.10.02 13:35:53,720	INFO	1	org.l2jmobius.gameserver.data.xml.impl.AlchemyData	AlchemyData: Loaded 118 alchemy craft skills.
2019.10.02 13:35:53,735	INFO	1	org.l2jmobius.commons.util.IXmlReader	LuckyGameData: Loaded 2 lucky game data.
2019.10.02 13:35:53,736	INFO	1	org.l2jmobius.gameserver.GameServer	----------------------------------------------=[ Characters ]
2019.10.02 13:35:53,744	INFO	1	org.l2jmobius.gameserver.data.xml.impl.ClassListData	ClassListData: Loaded 157 class data.
2019.10.02 13:35:53,753	INFO	1	org.l2jmobius.gameserver.data.xml.impl.InitialEquipmentData	InitialEquipmentData: Loaded 13 initial equipment data.
2019.10.02 13:35:53,761	INFO	1	org.l2jmobius.gameserver.data.xml.impl.InitialShortcutData	InitialShortcutData: Loaded 5 initial global shortcuts data.
2019.10.02 13:35:53,762	INFO	1	org.l2jmobius.gameserver.data.xml.impl.InitialShortcutData	InitialShortcutData: Loaded 5 initial shortcuts data.
2019.10.02 13:35:53,762	INFO	1	org.l2jmobius.gameserver.data.xml.impl.InitialShortcutData	InitialShortcutData: Loaded 0 macro presets.
2019.10.02 13:35:53,768	INFO	1	org.l2jmobius.gameserver.data.xml.impl.ExperienceData	ExperienceData: Loaded 100 levels.
2019.10.02 13:35:53,768	INFO	1	org.l2jmobius.gameserver.data.xml.impl.ExperienceData	ExperienceData: Max Player Level is 99.
2019.10.02 13:35:53,768	INFO	1	org.l2jmobius.gameserver.data.xml.impl.ExperienceData	ExperienceData: Max Pet Level is 99.
2019.10.02 13:35:53,778	INFO	1	org.l2jmobius.gameserver.data.xml.impl.KarmaData	KarmaData: Loaded 99 karma modifiers.
2019.10.02 13:35:53,783	INFO	1	org.l2jmobius.gameserver.data.xml.impl.HitConditionBonusData	HitConditionBonusData: Loaded hit condition bonuses.
2019.10.02 13:35:54,432	INFO	1	org.l2jmobius.gameserver.data.xml.impl.PlayerTemplateData	PlayerTemplateData: Loaded 145 character templates.
2019.10.02 13:35:54,432	INFO	1	org.l2jmobius.gameserver.data.xml.impl.PlayerTemplateData	PlayerTemplateData: Loaded 86130 level up gain records.
2019.10.02 13:35:54,435	INFO	1	org.l2jmobius.gameserver.data.sql.impl.CharNameTable	CharNameTable: Loaded 1 char names.
2019.10.02 13:35:54,443	INFO	1	org.l2jmobius.gameserver.data.xml.impl.AdminData	AdminData: Loaded 10 access levels.
2019.10.02 13:35:54,449	INFO	1	org.l2jmobius.gameserver.data.xml.impl.AdminData	AdminData: Loaded 459 access commands.
2019.10.02 13:35:54,993	INFO	1	org.l2jmobius.gameserver.data.xml.impl.PetDataTable	PetDataTable: Loaded 56 pets.
2019.10.02 13:35:55,064	INFO	1	org.l2jmobius.gameserver.data.xml.impl.CubicData	CubicData: Loaded 21 cubics.
2019.10.02 13:35:55,083	INFO	1	org.l2jmobius.gameserver.GameServer	---------------------------------------------------=[ Clans ]
2019.10.02 13:35:55,099	INFO	1	org.l2jmobius.gameserver.communitybbs.Manager.ForumsBBSManager	ForumsBBSManager: Loaded 4 forums. Last forum id used: 4
2019.10.02 13:35:55,099	INFO	1	org.l2jmobius.gameserver.data.sql.impl.ClanTable	ClanTable: Restored 0 clans from the database.
2019.10.02 13:35:55,109	INFO	1	org.l2jmobius.gameserver.data.xml.impl.ResidenceFunctionsData	ResidenceFunctionsData: Loaded 8 functions.
2019.10.02 13:35:55,314	INFO	1	org.l2jmobius.gameserver.data.xml.impl.ClanHallData	ClanHallData: Succesfully loaded 48 clan halls.
2019.10.02 13:35:55,419	INFO	1	org.l2jmobius.gameserver.instancemanager.ClanEntryManager	ClanEntryManager: Loaded 0 clan entries.
2019.10.02 13:35:55,421	INFO	1	org.l2jmobius.gameserver.instancemanager.ClanEntryManager	ClanEntryManager: Loaded 0 players in waiting list.
2019.10.02 13:35:55,422	INFO	1	org.l2jmobius.gameserver.instancemanager.ClanEntryManager	ClanEntryManager: Loaded 0 player applications.
2019.10.02 13:35:55,422	INFO	1	org.l2jmobius.gameserver.GameServer	-------------------------------------------------=[ Geodata ]
2019.10.02 13:35:55,427	INFO	1	org.l2jmobius.gameserver.geoengine.GeoEngine	GeoEngine: Initializing...
2019.10.02 13:35:55,539	INFO	1	org.l2jmobius.gameserver.geoengine.GeoEngine	GeoEngine: Loaded 0 geodata files.
2019.10.02 13:35:55,539	INFO	1	org.l2jmobius.gameserver.geoengine.GeoEngine	GeoEngine: Forcing PathFinding setting to false.
2019.10.02 13:35:55,539	INFO	1	org.l2jmobius.gameserver.geoengine.GeoEngine	GeoEngine: Forcing CoordSynchronize setting to -1.
2019.10.02 13:35:55,720	INFO	1	org.l2jmobius.gameserver.geoengine.GeoEngine	GeoEnginePathfinding: Loaded 32 node buffers.
2019.10.02 13:35:55,720	INFO	1	org.l2jmobius.gameserver.GameServer	----------------------------------------------------=[ NPCs ]
2019.10.02 13:35:59,457	INFO	1	org.l2jmobius.gameserver.data.xml.impl.NpcData	NpcData: Loaded 13561 NPCs.
2019.10.02 13:35:59,472	INFO	1	org.l2jmobius.gameserver.data.xml.impl.NpcData	NpcData: Loaded 19 custom NPCs.
2019.10.02 13:35:59,475	INFO	1	org.l2jmobius.gameserver.data.xml.impl.FakePlayerData	FakePlayerData: Disabled.
2019.10.02 13:35:59,477	INFO	1	org.l2jmobius.gameserver.instancemanager.FakePlayerChatManager	FakePlayerChatManager: Disabled.
2019.10.02 13:35:59,488	INFO	1	org.l2jmobius.gameserver.data.xml.impl.ExtendDropData	ExtendDropData: Loaded 1 extend drops.
2019.10.02 13:36:00,413	INFO	1	org.l2jmobius.gameserver.data.xml.impl.SpawnsData	SpawnsData: Loaded 42350 spawns
2019.10.02 13:36:00,439	INFO	1	org.l2jmobius.gameserver.instancemanager.WalkingManager	WalkingManager: Loaded 191 walking routes.
2019.10.02 13:36:00,451	INFO	1	org.l2jmobius.gameserver.data.xml.impl.StaticObjectData	StaticObjectData: Loaded 51 static object templates.
2019.10.02 13:36:00,478	INFO	1	org.l2jmobius.gameserver.model.itemauction.ItemAuctionInstance	ItemAuctionInstance: Loaded 23 item(s) and registered 1 auction(s) for instance 32320
2019.10.02 13:36:00,480	INFO	1	org.l2jmobius.gameserver.model.itemauction.ItemAuctionInstance	ItemAuctionInstance: Schedule next auction 2 on 17:00:00 04.10.19 for instance 32320
2019.10.02 13:36:00,482	INFO	1	org.l2jmobius.gameserver.model.itemauction.ItemAuctionInstance	ItemAuctionInstance: Loaded 23 item(s) and registered 2 auction(s) for instance 32321
2019.10.02 13:36:00,484	INFO	1	org.l2jmobius.gameserver.model.itemauction.ItemAuctionInstance	ItemAuctionInstance: Schedule next auction 5 on 17:00:00 07.10.19 for instance 32321
2019.10.02 13:36:00,487	INFO	1	org.l2jmobius.gameserver.model.itemauction.ItemAuctionInstance	ItemAuctionInstance: Loaded 23 item(s) and registered 1 auction(s) for instance 32322
2019.10.02 13:36:00,488	INFO	1	org.l2jmobius.gameserver.model.itemauction.ItemAuctionInstance	ItemAuctionInstance: Schedule next auction 4 on 17:00:00 02.10.19 for instance 32322
2019.10.02 13:36:00,488	INFO	1	org.l2jmobius.gameserver.instancemanager.ItemAuctionManager	ItemAuctionManager: Loaded 3 instances.
2019.10.02 13:36:00,533	INFO	1	org.l2jmobius.gameserver.instancemanager.CastleManager	CastleManager: Loaded 9 castles.
2019.10.02 13:36:00,537	WARNING	1	org.l2jmobius.gameserver.instancemanager.GrandBossManager	GrandBossManager: Could not find GrandBoss NPC template for 19740
2019.10.02 13:36:00,537	WARNING	1	org.l2jmobius.gameserver.instancemanager.GrandBossManager	GrandBossManager: Could not find GrandBoss NPC template for 26124
2019.10.02 13:36:00,538	INFO	1	org.l2jmobius.gameserver.instancemanager.GrandBossManager	GrandBossManager: Queen Ant(29001) status is 0
2019.10.02 13:36:00,538	INFO	1	org.l2jmobius.gameserver.instancemanager.GrandBossManager	GrandBossManager: Core(29006) status is 0
2019.10.02 13:36:00,538	INFO	1	org.l2jmobius.gameserver.instancemanager.GrandBossManager	GrandBossManager: Baium(29020) status is 0
2019.10.02 13:36:00,538	INFO	1	org.l2jmobius.gameserver.instancemanager.GrandBossManager	GrandBossManager: Valakas(29028) status is 0
2019.10.02 13:36:00,538	INFO	1	org.l2jmobius.gameserver.instancemanager.GrandBossManager	GrandBossManager: Antharas(29068) status is 0
2019.10.02 13:36:00,538	INFO	1	org.l2jmobius.gameserver.instancemanager.GrandBossManager	GrandBossManager: Beleth(29118) status is 0
2019.10.02 13:36:00,538	INFO	1	org.l2jmobius.gameserver.instancemanager.GrandBossManager	GrandBossManager: Earth Wyrm Trasken(29197) status is 0
2019.10.02 13:36:00,539	INFO	1	org.l2jmobius.gameserver.instancemanager.GrandBossManager	GrandBossManager: Lindvior(29240) status is 0
2019.10.02 13:36:00,539	WARNING	1	org.l2jmobius.gameserver.instancemanager.GrandBossManager	GrandBossManager: Could not find GrandBoss NPC template for 29305
2019.10.02 13:36:00,539	WARNING	1	org.l2jmobius.gameserver.instancemanager.GrandBossManager	GrandBossManager: Could not find GrandBoss NPC template for 29325
2019.10.02 13:36:00,539	WARNING	1	org.l2jmobius.gameserver.instancemanager.GrandBossManager	GrandBossManager: Could not find GrandBoss NPC template for 29336
2019.10.02 13:36:00,539	WARNING	1	org.l2jmobius.gameserver.instancemanager.GrandBossManager	GrandBossManager: Could not find GrandBoss NPC template for 29348
2019.10.02 13:36:00,539	INFO	1	org.l2jmobius.gameserver.instancemanager.GrandBossManager	GrandBossManager: Loaded 8 instances.
2019.10.02 13:36:00,543	INFO	1	org.l2jmobius.gameserver.GameServer	------------------------------------------------=[ Instance ]
2019.10.02 13:36:00,553	INFO	1	org.l2jmobius.gameserver.instancemanager.InstanceManager	InstanceManager: Loaded 258 instance names.
2019.10.02 13:36:01,058	INFO	1	org.l2jmobius.gameserver.instancemanager.InstanceManager	InstanceManager: Loaded 152 instance templates.
2019.10.02 13:36:01,059	INFO	1	org.l2jmobius.gameserver.instancemanager.InstanceManager	InstanceManager: Loaded instance reenter times for 0 players.
2019.10.02 13:36:01,059	INFO	1	org.l2jmobius.gameserver.GameServer	------------------------------------------------=[ Olympiad ]
2019.10.02 13:36:01,070	WARNING	1	org.l2jmobius.gameserver.model.olympiad.Olympiad	Olympiad System: Error loading noblesse data from database: 
2019.10.02 13:36:01,079	INFO	1	org.l2jmobius.gameserver.model.olympiad.Olympiad	Olympiad System: Loading....
2019.10.02 13:36:01,079	INFO	1	org.l2jmobius.gameserver.model.olympiad.Olympiad	Olympiad System: Currently in Olympiad Period
2019.10.02 13:36:01,079	INFO	1	org.l2jmobius.gameserver.model.olympiad.Olympiad	Olympiad System: 38843 minutes until period ends
2019.10.02 13:36:01,079	INFO	1	org.l2jmobius.gameserver.model.olympiad.Olympiad	Olympiad System: Next weekly change is in 7644 minutes
2019.10.02 13:36:01,079	INFO	1	org.l2jmobius.gameserver.model.olympiad.Olympiad	Olympiad System: Loaded 0 Nobles
2019.10.02 13:36:01,082	INFO	1	org.l2jmobius.gameserver.model.olympiad.Olympiad	Olympiad System: Competition Period Starts in 0 days, 4 hours and 23 mins.
2019.10.02 13:36:01,092	INFO	1	org.l2jmobius.gameserver.model.olympiad.Olympiad	Olympiad System: Event starts/started: Wed Oct 02 18:00:01 EEST 2019
2019.10.02 13:36:01,097	INFO	1	org.l2jmobius.gameserver.model.entity.Hero	Hero System: Loaded 0 Heroes.
2019.10.02 13:36:01,098	INFO	1	org.l2jmobius.gameserver.model.entity.Hero	Hero System: Loaded 0 all time Heroes.
2019.10.02 13:36:01,098	INFO	1	org.l2jmobius.gameserver.GameServer	---------------------------------------------------=[ Cache ]
2019.10.02 13:36:01,101	INFO	1	org.l2jmobius.gameserver.cache.HtmCache	Html cache start...
2019.10.02 13:36:05,071	INFO	1	org.l2jmobius.gameserver.cache.HtmCache	Cache[HTML]: 6,759 megabytes on 13697 files loaded.
2019.10.02 13:36:05,079	INFO	1	org.l2jmobius.gameserver.data.sql.impl.CrestTable	CrestTable: Loaded 0 Crests.
2019.10.02 13:36:05,985	INFO	1	org.l2jmobius.gameserver.data.xml.impl.TeleportersData	TeleportersData: Loaded 169 npc teleporters.
2019.10.02 13:36:06,000	INFO	1	org.l2jmobius.gameserver.instancemanager.CursedWeaponsManager	CursedWeaponsManager: Loaded 2 cursed weapons.
2019.10.02 13:36:06,823	INFO	1	org.l2jmobius.gameserver.data.xml.impl.TransformData	TransformData: Loaded 166 transform templates.
2019.10.02 13:36:06,836	INFO	1	org.l2jmobius.gameserver.datatables.BotReportTable	BotReportTable: Loaded 0 bot reports
2019.10.02 13:36:06,837	INFO	1	org.l2jmobius.gameserver.GameServer	-------------------------------------------------=[ Scripts ]
2019.10.02 13:36:06,850	INFO	1	org.l2jmobius.gameserver.instancemanager.AirShipManager	AirShipManager: Loaded 0 private airships
2019.10.02 13:36:06,866	INFO	1	org.l2jmobius.gameserver.data.xml.impl.ShuttleData	ShuttleData: Loaded 3 shuttles.
2019.10.02 13:36:06,869	INFO	1	org.l2jmobius.gameserver.GameServer	GameServer: Loading server scripts:
2019.10.02 13:36:07,817	INFO	1	handlers.MasterHandler	Loading Handlers...
2019.10.02 13:36:07,944	INFO	1	handlers.MasterHandler	ActionHandler: Loaded 10 handlers.
2019.10.02 13:36:07,945	INFO	1	handlers.MasterHandler	ActionShiftHandler: Loaded 6 handlers.
2019.10.02 13:36:07,945	INFO	1	handlers.MasterHandler	AdminCommandHandler: Loaded 450 handlers.
2019.10.02 13:36:07,945	INFO	1	handlers.MasterHandler	BypassHandler: Loaded 28 handlers.
2019.10.02 13:36:07,945	INFO	1	handlers.MasterHandler	ChatHandler: Loaded 14 handlers.
2019.10.02 13:36:07,945	INFO	1	handlers.MasterHandler	CommunityBoardHandler: Loaded 24 handlers.
2019.10.02 13:36:07,945	INFO	1	handlers.MasterHandler	ItemHandler: Loaded 31 handlers.
2019.10.02 13:36:07,945	INFO	1	handlers.MasterHandler	PunishmentHandler: Loaded 3 handlers.
2019.10.02 13:36:07,945	INFO	1	handlers.MasterHandler	UserCommandHandler: Loaded 16 handlers.
2019.10.02 13:36:07,945	INFO	1	handlers.MasterHandler	VoicedCommandHandler: Loaded 7 handlers.
2019.10.02 13:36:07,946	INFO	1	handlers.MasterHandler	TargetHandler: Loaded 21 handlers.
2019.10.02 13:36:07,946	INFO	1	handlers.MasterHandler	AffectObjectHandler: Loaded 11 handlers.
2019.10.02 13:36:07,946	INFO	1	handlers.MasterHandler	AffectScopeHandler: Loaded 19 handlers.
2019.10.02 13:36:07,946	INFO	1	handlers.MasterHandler	PlayerActionHandler: Loaded 24 handlers.
2019.10.02 13:36:07,946	INFO	1	handlers.MasterHandler	Handlers Loaded...
2019.10.02 13:36:41,979	INFO	1	ai.areas.FantasyIsle.HandysBlockCheckerEvent	Handy's Block Checker Event is enabled
2019.10.02 13:36:41,985	INFO	1	ai.areas.FantasyIsle.Parade	Fantasy Isle: Parade starting at 2019/10/02 17:20 and is scheduled each next 1 hours.
2019.10.02 13:36:41,992	INFO	1	ai.areas.FantasyIsle.TalentShow	Fantasy Isle: MC show script starting at 03/10/2019 01:26:41 and is scheduled each next 4 hours.
2019.10.02 13:36:42,084	INFO	1	ai.areas.ImperialTomb.FourSepulchers.FourSepulchers	[Four Sepulchers] Loaded 762 spawn zones data.
2019.10.02 13:36:42,459	INFO	1	ai.bosses.Tiat.Stage1	[Seed of Destruction] Loaded 51 spawn zones data.
2019.10.02 13:36:42,542	INFO	1	ai.others.ClassMaster.ClassMaster	ClassMaster: Loaded 0 class change options.
2019.10.02 13:36:42,675	INFO	1	ai.others.MentorGuide.MentorGuide	MentorGuide: Loaded 41 mentee coins
2019.10.02 13:36:42,694	INFO	1	ai.others.NpcBuffers.NpcBuffersData	NpcBuffersData: Loaded 6 buffers data.
2019.10.02 13:36:42,798	INFO	1	events.BirthOfDraco.BirthOfDraco	Event Birth of Draco has passed... Ignored 
2019.10.02 13:36:42,811	INFO	1	events.EveTheFortuneTeller.EveTheFortuneTeller	Event Eve the Fortune Teller has passed... Ignored 
2019.10.02 13:36:42,816	INFO	1	events.FreyaCelebration.FreyaCelebration	Event Freya Celebration has passed... Ignored 
2019.10.02 13:36:42,822	INFO	1	events.GiftOfVitality.GiftOfVitality	Event Gift of Vitality has passed... Ignored 
2019.10.02 13:36:42,827	INFO	1	events.Halloween.Halloween	Event Halloween has passed... Ignored 
2019.10.02 13:36:42,833	INFO	1	events.HeavyMedal.HeavyMedal	Event Heavy Medal has passed... Ignored 
2019.10.02 13:36:42,839	INFO	1	events.HungryHorse.HungryHorse	Event Hungry Horse has passed... Ignored 
2019.10.02 13:36:42,845	INFO	1	events.HuntForSanta.HuntForSanta	Event Hunt for Santa has passed... Ignored 
2019.10.02 13:36:42,851	INFO	1	events.LetterCollector.LetterCollector	Event Letter Collector has passed... Ignored 
2019.10.02 13:36:42,856	INFO	1	events.LoversJubilee.LoversJubilee	Event Lovers Jubilee has passed... Ignored 
2019.10.02 13:36:42,862	INFO	1	events.LoveYourGatekeeper.LoveYourGatekeeper	Event Love Your Gatekeeper has passed... Ignored 
2019.10.02 13:36:42,868	INFO	1	events.MasterOfEnchanting.MasterOfEnchanting	Event Master of Enchanting has passed... Ignored 
2019.10.02 13:36:42,874	INFO	1	events.ThePowerOfLove.ThePowerOfLove	Event The Power Of Love has passed... Ignored 
2019.10.02 13:36:43,551	INFO	1	org.l2jmobius.gameserver.model.quest.Quest	[EnhanceYourWeapon] Loaded 54 Soul Crystal data.
2019.10.02 13:36:43,551	INFO	1	org.l2jmobius.gameserver.model.quest.Quest	[EnhanceYourWeapon] Loaded 230 npc Leveling info data.
2019.10.02 13:36:43,653	WARNING	1	org.l2jmobius.gameserver.scripting.ScriptEngineManager	ScriptEngine: C:\eclipse\workspace\L2J_Mobius_1.0_Ertheia\dist\game\data\scripts\ai\bosses\Anakim\Anakim.java failed execution!
2019.10.02 13:36:43,661	WARNING	1	org.l2jmobius.gameserver.scripting.ScriptEngineManager	ScriptEngine: C:\eclipse\workspace\L2J_Mobius_1.0_Ertheia\dist\game\data\scripts\ai\bosses\Orfen\Orfen.java failed execution!
2019.10.02 13:36:43,662	WARNING	1	org.l2jmobius.gameserver.scripting.ScriptEngineManager	ScriptEngine: C:\eclipse\workspace\L2J_Mobius_1.0_Ertheia\dist\game\data\scripts\ai\bosses\Lilith\Lilith.java failed execution!
2019.10.02 13:36:43,663	INFO	1	org.l2jmobius.gameserver.data.xml.impl.SpawnsData	SpawnsData: Initializing spawns...
2019.10.02 13:36:44,349	WARNING	1	org.l2jmobius.gameserver.instancemanager.DBSpawnManager	DBSpawnManager: Couldn't find spawn declaration for npc: 25902 - Gigantic Golem
2019.10.02 13:36:44,356	WARNING	1	org.l2jmobius.gameserver.instancemanager.DBSpawnManager	DBSpawnManager: Couldn't find spawn declaration for npc: 25928 - Tebot
2019.10.02 13:36:44,359	WARNING	1	org.l2jmobius.gameserver.instancemanager.DBSpawnManager	DBSpawnManager: Couldn't find spawn declaration for npc: 25929 - Tegaffe
2019.10.02 13:36:44,362	WARNING	1	org.l2jmobius.gameserver.instancemanager.DBSpawnManager	DBSpawnManager: Couldn't find spawn declaration for npc: 25930 - Thesakar
2019.10.02 13:36:44,368	WARNING	1	org.l2jmobius.gameserver.instancemanager.DBSpawnManager	DBSpawnManager: Couldn't find spawn declaration for npc: 25933 - Garden Patrol Captain
2019.10.02 13:36:44,490	WARNING	1	org.l2jmobius.gameserver.instancemanager.DBSpawnManager	DBSpawnManager: Couldn't find spawn declaration for npc: 26033 - Fallen Angel Tiera
2019.10.02 13:36:44,493	WARNING	1	org.l2jmobius.gameserver.instancemanager.DBSpawnManager	DBSpawnManager: Couldn't find spawn declaration for npc: 26034 - Corrupted Goblier
2019.10.02 13:36:44,496	WARNING	1	org.l2jmobius.gameserver.instancemanager.DBSpawnManager	DBSpawnManager: Couldn't find spawn declaration for npc: 26035 - Corrupted Cherkia
2019.10.02 13:36:44,498	WARNING	1	org.l2jmobius.gameserver.instancemanager.DBSpawnManager	DBSpawnManager: Couldn't find spawn declaration for npc: 26036 - Corrupted Harthemon
2019.10.02 13:36:44,501	WARNING	1	org.l2jmobius.gameserver.instancemanager.DBSpawnManager	DBSpawnManager: Couldn't find spawn declaration for npc: 26037 - Corrupted Sarboth
2019.10.02 13:36:44,504	WARNING	1	org.l2jmobius.gameserver.instancemanager.DBSpawnManager	DBSpawnManager: Couldn't find spawn declaration for npc: 26038 - Fallen Angel Eloule
2019.10.02 13:36:44,518	WARNING	1	org.l2jmobius.gameserver.instancemanager.DBSpawnManager	DBSpawnManager: Couldn't find spawn declaration for npc: 26055 - Ekidna's Statue Tarstan
2019.10.02 13:36:44,521	WARNING	1	org.l2jmobius.gameserver.instancemanager.DBSpawnManager	DBSpawnManager: Couldn't find spawn declaration for npc: 26056 - Ekidna's Statue Abelsnif
2019.10.02 13:36:44,524	WARNING	1	org.l2jmobius.gameserver.instancemanager.DBSpawnManager	DBSpawnManager: Couldn't find spawn declaration for npc: 26057 - Ekidna's Statue Kimesis
2019.10.02 13:36:44,526	WARNING	1	org.l2jmobius.gameserver.instancemanager.DBSpawnManager	DBSpawnManager: Couldn't find spawn declaration for npc: 26058 - Ekidna's Statue Kathargon
2019.10.02 13:36:44,529	WARNING	1	org.l2jmobius.gameserver.instancemanager.DBSpawnManager	DBSpawnManager: Couldn't find spawn declaration for npc: 26059 - Ekidna's Statue Pantasaus
2019.10.02 13:36:44,532	WARNING	1	org.l2jmobius.gameserver.instancemanager.DBSpawnManager	DBSpawnManager: Couldn't find spawn declaration for npc: 26060 - Ekidna's Statue Ixignon
2019.10.02 13:36:44,563	WARNING	1	org.l2jmobius.gameserver.instancemanager.DBSpawnManager	DBSpawnManager: Could not load npc #26131 from DB
2019.10.02 13:36:44,564	WARNING	1	org.l2jmobius.gameserver.instancemanager.DBSpawnManager	DBSpawnManager: Could not load npc #26137 from DB
2019.10.02 13:36:44,564	WARNING	1	org.l2jmobius.gameserver.instancemanager.DBSpawnManager	DBSpawnManager: Could not load npc #26162 from DB
2019.10.02 13:36:44,564	WARNING	1	org.l2jmobius.gameserver.instancemanager.DBSpawnManager	DBSpawnManager: Could not load npc #26163 from DB
2019.10.02 13:36:44,564	WARNING	1	org.l2jmobius.gameserver.instancemanager.DBSpawnManager	DBSpawnManager: Could not load npc #26164 from DB
2019.10.02 13:36:44,564	WARNING	1	org.l2jmobius.gameserver.instancemanager.DBSpawnManager	DBSpawnManager: Could not load npc #26165 from DB
2019.10.02 13:36:44,564	WARNING	1	org.l2jmobius.gameserver.instancemanager.DBSpawnManager	DBSpawnManager: Could not load npc #26170 from DB
2019.10.02 13:36:44,564	WARNING	1	org.l2jmobius.gameserver.instancemanager.DBSpawnManager	DBSpawnManager: Could not load npc #26171 from DB
2019.10.02 13:36:44,564	WARNING	1	org.l2jmobius.gameserver.instancemanager.DBSpawnManager	DBSpawnManager: Could not load npc #26172 from DB
2019.10.02 13:36:44,564	WARNING	1	org.l2jmobius.gameserver.instancemanager.DBSpawnManager	DBSpawnManager: Could not load npc #26173 from DB
2019.10.02 13:36:44,564	WARNING	1	org.l2jmobius.gameserver.instancemanager.DBSpawnManager	DBSpawnManager: Could not load npc #26178 from DB
2019.10.02 13:36:44,564	WARNING	1	org.l2jmobius.gameserver.instancemanager.DBSpawnManager	DBSpawnManager: Could not load npc #26179 from DB
2019.10.02 13:36:44,564	WARNING	1	org.l2jmobius.gameserver.instancemanager.DBSpawnManager	DBSpawnManager: Could not load npc #26180 from DB
2019.10.02 13:36:44,565	WARNING	1	org.l2jmobius.gameserver.instancemanager.DBSpawnManager	DBSpawnManager: Could not load npc #26181 from DB
2019.10.02 13:36:44,565	WARNING	1	org.l2jmobius.gameserver.instancemanager.DBSpawnManager	DBSpawnManager: Could not load npc #26186 from DB
2019.10.02 13:36:44,565	WARNING	1	org.l2jmobius.gameserver.instancemanager.DBSpawnManager	DBSpawnManager: Could not load npc #26187 from DB
2019.10.02 13:36:44,565	WARNING	1	org.l2jmobius.gameserver.instancemanager.DBSpawnManager	DBSpawnManager: Could not load npc #26188 from DB
2019.10.02 13:36:44,565	WARNING	1	org.l2jmobius.gameserver.instancemanager.DBSpawnManager	DBSpawnManager: Could not load npc #26189 from DB
2019.10.02 13:36:44,565	WARNING	1	org.l2jmobius.gameserver.instancemanager.DBSpawnManager	DBSpawnManager: Could not load npc #26277 from DB
2019.10.02 13:36:44,565	WARNING	1	org.l2jmobius.gameserver.instancemanager.DBSpawnManager	DBSpawnManager: Could not load npc #26278 from DB
2019.10.02 13:36:44,565	WARNING	1	org.l2jmobius.gameserver.instancemanager.DBSpawnManager	DBSpawnManager: Could not load npc #26279 from DB
2019.10.02 13:36:44,565	WARNING	1	org.l2jmobius.gameserver.instancemanager.DBSpawnManager	DBSpawnManager: Could not load npc #26280 from DB
2019.10.02 13:36:44,565	WARNING	1	org.l2jmobius.gameserver.instancemanager.DBSpawnManager	DBSpawnManager: Could not load npc #26285 from DB
2019.10.02 13:36:44,565	WARNING	1	org.l2jmobius.gameserver.instancemanager.DBSpawnManager	DBSpawnManager: Could not load npc #26286 from DB
2019.10.02 13:36:44,565	WARNING	1	org.l2jmobius.gameserver.instancemanager.DBSpawnManager	DBSpawnManager: Could not load npc #26287 from DB
2019.10.02 13:36:44,565	WARNING	1	org.l2jmobius.gameserver.instancemanager.DBSpawnManager	DBSpawnManager: Could not load npc #26288 from DB
2019.10.02 13:36:44,566	WARNING	1	org.l2jmobius.gameserver.instancemanager.DBSpawnManager	DBSpawnManager: Could not load npc #26293 from DB
2019.10.02 13:36:44,566	WARNING	1	org.l2jmobius.gameserver.instancemanager.DBSpawnManager	DBSpawnManager: Could not load npc #26294 from DB
2019.10.02 13:36:44,566	WARNING	1	org.l2jmobius.gameserver.instancemanager.DBSpawnManager	DBSpawnManager: Could not load npc #26295 from DB
2019.10.02 13:36:44,566	WARNING	1	org.l2jmobius.gameserver.instancemanager.DBSpawnManager	DBSpawnManager: Could not load npc #26296 from DB
2019.10.02 13:36:44,566	WARNING	1	org.l2jmobius.gameserver.instancemanager.DBSpawnManager	DBSpawnManager: Could not load npc #26301 from DB
2019.10.02 13:36:44,566	WARNING	1	org.l2jmobius.gameserver.instancemanager.DBSpawnManager	DBSpawnManager: Could not load npc #26302 from DB
2019.10.02 13:36:44,566	WARNING	1	org.l2jmobius.gameserver.instancemanager.DBSpawnManager	DBSpawnManager: Could not load npc #26303 from DB
2019.10.02 13:36:44,566	WARNING	1	org.l2jmobius.gameserver.instancemanager.DBSpawnManager	DBSpawnManager: Could not load npc #26304 from DB
2019.10.02 13:36:44,566	WARNING	1	org.l2jmobius.gameserver.instancemanager.DBSpawnManager	DBSpawnManager: Could not load npc #26372 from DB
2019.10.02 13:36:44,566	WARNING	1	org.l2jmobius.gameserver.instancemanager.DBSpawnManager	DBSpawnManager: Could not load npc #26373 from DB
2019.10.02 13:36:44,566	WARNING	1	org.l2jmobius.gameserver.instancemanager.DBSpawnManager	DBSpawnManager: Could not load npc #26374 from DB
2019.10.02 13:36:44,566	WARNING	1	org.l2jmobius.gameserver.instancemanager.DBSpawnManager	DBSpawnManager: Could not load npc #26375 from DB
2019.10.02 13:36:44,566	WARNING	1	org.l2jmobius.gameserver.instancemanager.DBSpawnManager	DBSpawnManager: Could not load npc #26380 from DB
2019.10.02 13:36:44,566	WARNING	1	org.l2jmobius.gameserver.instancemanager.DBSpawnManager	DBSpawnManager: Could not load npc #26381 from DB
2019.10.02 13:36:44,567	WARNING	1	org.l2jmobius.gameserver.instancemanager.DBSpawnManager	DBSpawnManager: Could not load npc #26382 from DB
2019.10.02 13:36:44,567	WARNING	1	org.l2jmobius.gameserver.instancemanager.DBSpawnManager	DBSpawnManager: Could not load npc #26383 from DB
2019.10.02 13:36:44,585	WARNING	1	org.l2jmobius.gameserver.instancemanager.DBSpawnManager	DBSpawnManager: Could not load npc #29374 from DB
2019.10.02 13:36:44,585	INFO	1	org.l2jmobius.gameserver.instancemanager.DBSpawnManager	DBSpawnManager: Loaded 213 instances.
2019.10.02 13:36:44,585	INFO	1	org.l2jmobius.gameserver.instancemanager.DBSpawnManager	DBSpawnManager: Scheduled 0 instances.
2019.10.02 13:36:56,269	INFO	1	org.l2jmobius.gameserver.data.xml.impl.SpawnsData	SpawnsData: All spawns has been initialized!
2019.10.02 13:36:56,269	INFO	1	org.l2jmobius.gameserver.GameServer	--------------------------------------------=[ Event Engine ]
2019.10.02 13:36:56,300	INFO	1	org.l2jmobius.gameserver.data.xml.impl.EventEngineData	EventEngineData: CeremonyOfChaosManager: Initialized.
2019.10.02 13:36:56,304	INFO	1	org.l2jmobius.gameserver.data.xml.impl.EventEngineData	EventEngineData: ClanHallAuctionManager: Initialized.
2019.10.02 13:36:56,315	INFO	1	org.l2jmobius.gameserver.data.xml.impl.EventEngineData	EventEngineData: DailyTaskManager: Initialized.
2019.10.02 13:36:56,317	INFO	1	org.l2jmobius.gameserver.model.votereward.VoteSystem	VoteSystem: Disabled.
2019.10.02 13:36:56,317	INFO	1	org.l2jmobius.gameserver.GameServer	---------------------------------------------------=[ Siege ]
2019.10.02 13:36:56,325	INFO	1	org.l2jmobius.gameserver.model.entity.Siege	Siege of Gludio: Sun Oct 06 16:00:00 EEST 2019
2019.10.02 13:36:56,328	INFO	1	org.l2jmobius.gameserver.model.entity.Siege	Siege of Dion: Sun Oct 06 16:00:00 EEST 2019
2019.10.02 13:36:56,328	INFO	1	org.l2jmobius.gameserver.model.entity.Siege	Siege of Giran: Sun Oct 06 16:00:00 EEST 2019
2019.10.02 13:36:56,328	INFO	1	org.l2jmobius.gameserver.model.entity.Siege	Siege of Oren: Sun Oct 06 16:00:00 EEST 2019
2019.10.02 13:36:56,329	INFO	1	org.l2jmobius.gameserver.model.entity.Siege	Siege of Aden: Sun Oct 06 16:00:00 EEST 2019
2019.10.02 13:36:56,329	INFO	1	org.l2jmobius.gameserver.model.entity.Siege	Siege of Innadril: Sun Oct 06 20:00:00 EEST 2019
2019.10.02 13:36:56,329	INFO	1	org.l2jmobius.gameserver.model.entity.Siege	Siege of Goddard: Sun Oct 06 20:00:00 EEST 2019
2019.10.02 13:36:56,330	INFO	1	org.l2jmobius.gameserver.model.entity.Siege	Siege of Rune: Sun Oct 06 20:00:00 EEST 2019
2019.10.02 13:36:56,330	INFO	1	org.l2jmobius.gameserver.model.entity.Siege	Siege of Schuttgart: Sun Oct 06 20:00:00 EEST 2019
2019.10.02 13:36:56,479	INFO	1	org.l2jmobius.gameserver.instancemanager.FortManager	FortManager: Loaded 20 fortress.
2019.10.02 13:36:56,594	INFO	1	org.l2jmobius.gameserver.data.xml.impl.SiegeScheduleData	SiegeScheduleData: Loaded 2 siege schedulers.
2019.10.02 13:36:56,604	INFO	1	org.l2jmobius.gameserver.instancemanager.CastleManorManager	CastleManorManager: Loaded 258 seeds.
2019.10.02 13:36:56,613	INFO	1	org.l2jmobius.gameserver.instancemanager.CastleManorManager	CastleManorManager: Manor data loaded.
2019.10.02 13:36:56,618	INFO	1	org.l2jmobius.gameserver.instancemanager.SiegeGuardManager	SiegeGuardManager: Loaded 0 siege guards tickets.
2019.10.02 13:36:56,618	INFO	1	org.l2jmobius.gameserver.instancemanager.QuestManager	QuestManager: Loaded 473 quests.
2019.10.02 13:36:56,618	INFO	1	org.l2jmobius.gameserver.instancemanager.QuestManager	QuestManager: Loaded 368 scripts.
2019.10.02 13:36:56,631	INFO	1	org.l2jmobius.gameserver.taskmanager.TaskManager	TaskManager: Loaded 4 Tasks.
2019.10.02 13:36:56,633	INFO	1	org.l2jmobius.gameserver.instancemanager.MailManager	MailManager: Loaded 0 messages.
2019.10.02 13:36:56,641	INFO	1	org.l2jmobius.gameserver.instancemanager.PunishmentManager	PunishmentManager: Loaded 0 active and 0 expired punishments.
2019.10.02 13:36:56,643	INFO	1	org.l2jmobius.gameserver.GameServer	IdFactory: Free ObjectID's remaining: 1878998920
2019.10.02 13:36:56,646	INFO	1	org.l2jmobius.gameserver.data.sql.impl.OfflineTradersTable	OfflineTradersTable: Loading offline traders...
2019.10.02 13:36:56,647	INFO	1	org.l2jmobius.gameserver.data.sql.impl.OfflineTradersTable	OfflineTradersTable: Loaded 0 offline traders.
2019.10.02 13:36:57,293	INFO	1	org.l2jmobius.gameserver.GameServer	GameServer: Started, using 1038 of 4084 MB total memory.
2019.10.02 13:36:57,293	INFO	1	org.l2jmobius.gameserver.GameServer	GameServer: Maximum number of connected players is 2000.
2019.10.02 13:36:57,294	INFO	1	org.l2jmobius.gameserver.GameServer	GameServer: Server loaded in 82 seconds.
2019.10.02 13:36:57,493	INFO	1	org.l2jmobius.gameserver.network.ClientNetworkManager	ClientNetworkManager: Listening on 0.0.0.0:7777
2019.10.02 13:36:57,509	INFO	95	org.l2jmobius.gameserver.LoginServerThread	LoginServerThread: Connecting to login on 127.0.0.1:9014
2019.10.02 13:36:57,569	INFO	95	org.l2jmobius.gameserver.LoginServerThread	LoginServerThread: Registered on login as Server 2: Sieghardt
2019.10.02 13:38:05,980	WARNING	97	org.l2jmobius.gameserver.model.actor.Creature	Master access level set for character Admin! Just a warning to be careful ;)
2019.10.02 13:38:05,991	WARNING	97	org.l2jmobius.gameserver.data.xml.impl.SkillData	SkillData: No skill info found for skill id 30798 and skill level 1
2019.10.02 13:38:05,991	WARNING	97	org.l2jmobius.gameserver.model.actor.Creature	Skipped null skill Id: 30798 Level: 1 while restoring player skills for playerObjId: 268488754
2019.10.02 13:40:54,856	INFO	77	org.l2jmobius.gameserver.model.entity.Siege	Siege of Aden: Sun Oct 06 16:00:00 EEST 2019
2019.10.02 13:42:15,788	INFO	87	org.l2jmobius.gameserver.model.entity.Siege	Siege of Aden: Sun Oct 06 16:00:00 EEST 2019
2019.10.02 13:42:40,873	WARNING	22	org.l2jmobius.gameserver.Shutdown	Server scheduled restart issued shutdown command. Restart in 1 seconds!
2019.10.02 13:42:41,874	WARNING	99	org.l2jmobius.gameserver.Shutdown	GM shutdown countdown is over. shutting down NOW!
