2020.11.03 19:55:06,688	INFO	1	org.l2jmobius.commons.util.IXmlReader	Network Config: ipconfig.xml doesn't exists using automatic configuration...
2020.11.03 19:55:07,081	INFO	1	org.l2jmobius.commons.util.IXmlReader	Network Config: Adding new subnet: 127.0.0.0/8 address: 127.0.0.1
2020.11.03 19:55:07,092	INFO	1	org.l2jmobius.commons.util.IXmlReader	Network Config: Adding new subnet: 192.168.1.0/24 address: 192.168.1.3
2020.11.03 19:55:07,150	INFO	26	org.l2jmobius.gameserver.model.World	World: (288 by 272) World Region Grid set up.
2020.11.03 19:55:07,155	INFO	1	org.l2jmobius.commons.util.IXmlReader	Network Config: Adding new subnet: 0.0.0.0/0 address: 141.237.196.75
2020.11.03 19:55:07,186	INFO	1	org.l2jmobius.Config	Loaded 6 Filter Words.
2020.11.03 19:55:07,205	INFO	1	org.l2jmobius.gameserver.GameServer	------------------------------------------------=[ Database ]
2020.11.03 19:55:07,508	INFO	1	org.l2jmobius.commons.database.DatabaseFactory	Database: Initialized.
2020.11.03 19:55:07,509	INFO	1	org.l2jmobius.gameserver.GameServer	----------------------------------------------=[ ThreadPool ]
2020.11.03 19:55:07,539	INFO	1	org.l2jmobius.commons.concurrent.ThreadPool	ThreadPool: Initialized
2020.11.03 19:55:07,539	INFO	1	org.l2jmobius.commons.concurrent.ThreadPool	...scheduled pool executor with 160 total threads.
2020.11.03 19:55:07,540	INFO	1	org.l2jmobius.commons.concurrent.ThreadPool	...instant pool executor with 120 total threads.
2020.11.03 19:55:07,540	INFO	1	org.l2jmobius.gameserver.GameServer	-----------------------------------------------=[ IdManager ]
2020.11.03 19:55:07,543	INFO	1	org.l2jmobius.gameserver.instancemanager.IdManager	Updated characters online status.
2020.11.03 19:55:07,556	INFO	1	org.l2jmobius.gameserver.instancemanager.IdManager	IdManager: Cleaned 0 elements from database in 0 seconds.
2020.11.03 19:55:07,564	INFO	1	org.l2jmobius.gameserver.instancemanager.IdManager	IdManager: Cleaned 0 expired timestamps from database.
2020.11.03 19:55:07,568	INFO	1	org.l2jmobius.gameserver.instancemanager.IdManager	IdManager: 102912 id's available.
2020.11.03 19:55:07,568	INFO	1	org.l2jmobius.gameserver.GameServer	----------------------------------------=[ Scripting Engine ]
2020.11.03 19:55:07,958	INFO	1	org.l2jmobius.gameserver.scripting.ScriptEngineManager	Loaded 801 files to exclude.
2020.11.03 19:55:07,958	INFO	1	org.l2jmobius.gameserver.GameServer	--------------------------------------------------=[ Telnet ]
2020.11.03 19:55:08,141	INFO	1	org.l2jmobius.gameserver.network.telnet.TelnetServer	Telnet server is currently disabled.
2020.11.03 19:55:08,141	INFO	1	org.l2jmobius.gameserver.GameServer	---------------------------------------------------=[ World ]
2020.11.03 19:55:08,143	INFO	312	org.l2jmobius.gameserver.GameTimeController	GameTimeController: Started.
2020.11.03 19:55:08,452	INFO	1	org.l2jmobius.gameserver.instancemanager.MapRegionManager	MapRegionManager: Loaded 61 map regions.
2020.11.03 19:55:08,457	INFO	1	org.l2jmobius.gameserver.instancemanager.ZoneManager	ZoneManager 19 by 18 Zone Region Grid set up.
2020.11.03 19:55:09,176	INFO	1	org.l2jmobius.gameserver.instancemanager.ZoneManager	ZoneManager: Loaded 34 zone classes and 2903 zones.
2020.11.03 19:55:09,176	INFO	1	org.l2jmobius.gameserver.instancemanager.ZoneManager	ZoneManager: Loaded 16 NPC spawn territoriers.
2020.11.03 19:55:09,179	INFO	1	org.l2jmobius.gameserver.instancemanager.ZoneManager	ZoneManager: Last static id 210110.
2020.11.03 19:55:09,577	INFO	1	org.l2jmobius.gameserver.data.xml.impl.DoorData	DoorData: Loaded 1516 Door Templates for 24 regions.
2020.11.03 19:55:09,592	INFO	1	FenceData	FenceData: Loaded 1 fences.
2020.11.03 19:55:09,605	INFO	1	org.l2jmobius.gameserver.instancemanager.GlobalVariablesManager	GlobalVariablesManager: Loaded 9 variables.
2020.11.03 19:55:09,606	INFO	1	org.l2jmobius.gameserver.GameServer	----------------------------------------------------=[ Data ]
2020.11.03 19:55:09,620	INFO	1	org.l2jmobius.gameserver.data.xml.impl.ActionData	ActionData: Loaded 216 player actions.
2020.11.03 19:55:09,704	INFO	1	org.l2jmobius.gameserver.data.xml.impl.CategoryData	CategoryData: Loaded 215 categories.
2020.11.03 19:55:09,711	INFO	1	org.l2jmobius.gameserver.data.xml.impl.SecondaryAuthData	SecondaryAuthData: Loaded 328 forbidden passwords.
2020.11.03 19:55:13,825	INFO	1	org.l2jmobius.gameserver.datatables.ItemTable	ItemTable: Highest item id used: 91746
2020.11.03 19:55:13,834	INFO	1	org.l2jmobius.gameserver.datatables.ItemTable	ItemTable: Loaded 23379 Etc Items
2020.11.03 19:55:13,834	INFO	1	org.l2jmobius.gameserver.datatables.ItemTable	ItemTable: Loaded 12592 Armor Items
2020.11.03 19:55:13,834	INFO	1	org.l2jmobius.gameserver.datatables.ItemTable	ItemTable: Loaded 9067 Weapon Items
2020.11.03 19:55:13,834	INFO	1	org.l2jmobius.gameserver.datatables.ItemTable	ItemTable: Loaded 45038 Items in total.
2020.11.03 19:55:13,847	INFO	1	org.l2jmobius.gameserver.data.xml.impl.CombinationItemsData	CombinationItemsData: Loaded 1640 combinations.
2020.11.03 19:55:13,859	INFO	1	org.l2jmobius.gameserver.data.xml.impl.SayuneData	SayuneData: Loaded 71 maps.
2020.11.03 19:55:14,961	INFO	1	handlers.DailyMissionMasterHandler	DailyMissionMasterHandler:  Loaded 10 handlers.
2020.11.03 19:55:14,996	INFO	1	org.l2jmobius.gameserver.data.xml.impl.DailyMissionData	DailyMissionData: Loaded 83 one day rewards.
2020.11.03 19:55:14,997	INFO	1	org.l2jmobius.gameserver.GameServer	--------------------------------------------------=[ Skills ]
2020.11.03 19:55:16,326	INFO	1	handlers.EffectMasterHandler	EffectMasterHandler: Loaded 360 effect handlers.
2020.11.03 19:55:16,340	INFO	1	org.l2jmobius.gameserver.data.xml.impl.EnchantSkillGroupsData	EnchantSkillGroupsData: Loaded 20 enchant routes, max enchant set to 20.
2020.11.03 19:55:21,449	INFO	1	org.l2jmobius.gameserver.data.xml.impl.SkillData	SkillData: Loaded 166148 Skills.
2020.11.03 19:55:22,206	INFO	1	org.l2jmobius.gameserver.data.xml.impl.SkillTreeData	SkillTreeData: Loaded 18389 Class skills for 145 class skill trees.
2020.11.03 19:55:22,206	INFO	1	org.l2jmobius.gameserver.data.xml.impl.SkillTreeData	SkillTreeData: Loaded 1 sub-class skills.
2020.11.03 19:55:22,206	INFO	1	org.l2jmobius.gameserver.data.xml.impl.SkillTreeData	SkillTreeData: Loaded 26 dual-class skills.
2020.11.03 19:55:22,206	INFO	1	org.l2jmobius.gameserver.data.xml.impl.SkillTreeData	SkillTreeData: Loaded 104 transfer skills for 3 transfer skill trees.
2020.11.03 19:55:22,206	INFO	1	org.l2jmobius.gameserver.data.xml.impl.SkillTreeData	SkillTreeData: Loaded 17 race skills for 7 race skill trees.
2020.11.03 19:55:22,206	INFO	1	org.l2jmobius.gameserver.data.xml.impl.SkillTreeData	SkillTreeData: Loaded 35 fishing skills, 8 Dwarven only fishing skills.
2020.11.03 19:55:22,206	INFO	1	org.l2jmobius.gameserver.data.xml.impl.SkillTreeData	SkillTreeData: Loaded 3 collect skills.
2020.11.03 19:55:22,206	INFO	1	org.l2jmobius.gameserver.data.xml.impl.SkillTreeData	SkillTreeData: Loaded 11 clan skills, 0 for clan and 11 residential.
2020.11.03 19:55:22,206	INFO	1	org.l2jmobius.gameserver.data.xml.impl.SkillTreeData	SkillTreeData: Loaded 0 sub-pledge skills.
2020.11.03 19:55:22,207	INFO	1	org.l2jmobius.gameserver.data.xml.impl.SkillTreeData	SkillTreeData: Loaded 32 transform skills.
2020.11.03 19:55:22,207	INFO	1	org.l2jmobius.gameserver.data.xml.impl.SkillTreeData	SkillTreeData: Loaded 22 noble skills.
2020.11.03 19:55:22,207	INFO	1	org.l2jmobius.gameserver.data.xml.impl.SkillTreeData	SkillTreeData: Loaded 4 hero skills.
2020.11.03 19:55:22,207	INFO	1	org.l2jmobius.gameserver.data.xml.impl.SkillTreeData	SkillTreeData: Loaded 61 game master skills.
2020.11.03 19:55:22,207	INFO	1	org.l2jmobius.gameserver.data.xml.impl.SkillTreeData	SkillTreeData: Loaded 61 game master aura skills.
2020.11.03 19:55:22,207	INFO	1	org.l2jmobius.gameserver.data.xml.impl.SkillTreeData	SkillTreeData: Loaded 123 ability skills.
2020.11.03 19:55:22,207	INFO	1	org.l2jmobius.gameserver.data.xml.impl.SkillTreeData	SkillTreeData: Loaded 112 alchemy skills.
2020.11.03 19:55:22,207	INFO	1	org.l2jmobius.gameserver.data.xml.impl.SkillTreeData	SkillTreeData: Loaded 36 class awaken save skills.
2020.11.03 19:55:22,207	INFO	1	org.l2jmobius.gameserver.data.xml.impl.SkillTreeData	SkillTreeData: Loaded 20 Revelation skills.
2020.11.03 19:55:22,207	INFO	1	org.l2jmobius.gameserver.data.xml.impl.SkillTreeData	SkillTreeData: Loaded 60 common skills.
2020.11.03 19:55:22,230	INFO	1	org.l2jmobius.gameserver.data.xml.impl.PetSkillData	PetSkillData: Loaded 1084 skills.
2020.11.03 19:55:22,231	INFO	1	org.l2jmobius.gameserver.GameServer	---------------------------------------------------=[ Items ]
2020.11.03 19:55:22,335	INFO	1	org.l2jmobius.gameserver.data.xml.impl.EnchantItemGroupsData	EnchantItemGroupsData: Loaded 7 item group templates.
2020.11.03 19:55:22,336	INFO	1	org.l2jmobius.gameserver.data.xml.impl.EnchantItemGroupsData	EnchantItemGroupsData: Loaded 1 scroll group templates.
2020.11.03 19:55:22,357	INFO	1	org.l2jmobius.gameserver.data.xml.impl.EnchantItemData	EnchantItemData: Loaded 274 enchant scrolls.
2020.11.03 19:55:22,357	INFO	1	org.l2jmobius.gameserver.data.xml.impl.EnchantItemData	EnchantItemData: Loaded 100 support items.
2020.11.03 19:55:22,389	INFO	1	org.l2jmobius.gameserver.data.xml.impl.EnchantItemOptionsData	EnchantItemOptionsData: Loaded 317 items and 4459 options.
2020.11.03 19:55:22,407	INFO	1	org.l2jmobius.gameserver.data.xml.impl.ItemCrystallizationData	ItemCrystallizationData: Loaded 13 crystallization templates.
2020.11.03 19:55:22,408	INFO	1	org.l2jmobius.gameserver.data.xml.impl.ItemCrystallizationData	ItemCrystallizationData: Loaded 288 pre-defined crystallizable items.
2020.11.03 19:55:22,424	INFO	1	org.l2jmobius.gameserver.data.xml.impl.ItemCrystallizationData	ItemCrystallizationData: Generated 5926 crystallizable items from templates.
2020.11.03 19:55:24,838	INFO	1	org.l2jmobius.gameserver.data.xml.impl.OptionData	OptionData: Loaded 36982 options.
2020.11.03 19:55:24,958	INFO	1	VariationData	VariationData: Loaded 126 variations.
2020.11.03 19:55:24,958	INFO	1	VariationData	VariationData: Loaded 4883 fees.
2020.11.03 19:55:24,986	INFO	1	org.l2jmobius.gameserver.data.xml.impl.EnsoulData	EnsoulData: Loaded 11 fees.
2020.11.03 19:55:24,986	INFO	1	org.l2jmobius.gameserver.data.xml.impl.EnsoulData	EnsoulData: Loaded 812 options.
2020.11.03 19:55:24,986	INFO	1	org.l2jmobius.gameserver.data.xml.impl.EnsoulData	EnsoulData: Loaded 114 stones.
2020.11.03 19:55:24,991	INFO	1	org.l2jmobius.gameserver.data.xml.impl.EnchantItemHPBonusData	EnchantItemHPBonusData: Loaded 12 enchant HP bonuses.
2020.11.03 19:55:26,514	INFO	1	org.l2jmobius.gameserver.data.xml.impl.BuyListData	BuyListData: Loaded 918 buyLists.
2020.11.03 19:55:28,002	INFO	1	org.l2jmobius.gameserver.data.xml.impl.MultisellData	MultisellData: Loaded 592 multisell lists.
2020.11.03 19:55:28,060	INFO	1	org.l2jmobius.gameserver.data.xml.impl.EquipmentUpgradeData	EquipmentUpgradeData: Loaded 6795 upgrade equipment data.
2020.11.03 19:55:28,156	INFO	1	org.l2jmobius.gameserver.data.xml.impl.RecipeData	RecipeData: Loaded 1812 recipes.
2020.11.03 19:55:28,207	INFO	1	org.l2jmobius.gameserver.data.xml.impl.ArmorSetData	ArmorSetData: Loaded 333 armor sets.
2020.11.03 19:55:28,212	INFO	1	org.l2jmobius.gameserver.data.xml.impl.FishingData	FishingData: Loaded 7 bait and 13 rod data.
2020.11.03 19:55:28,276	INFO	1	org.l2jmobius.gameserver.data.xml.impl.HennaData	HennaData: Loaded 539 henna data.
2020.11.03 19:55:28,287	INFO	1	org.l2jmobius.gameserver.data.xml.impl.PrimeShopData	PrimeShopData: Loaded 99 items.
2020.11.03 19:55:28,326	INFO	1	org.l2jmobius.gameserver.data.xml.impl.AppearanceItemData	AppearanceItemData: Loaded 1256 stones.
2020.11.03 19:55:28,336	INFO	1	org.l2jmobius.gameserver.data.xml.impl.AlchemyData	AlchemyData: Loaded 114 alchemy craft skills.
2020.11.03 19:55:28,349	INFO	1	org.l2jmobius.commons.util.IXmlReader	LuckyGameData: Loaded 2 lucky game data.
2020.11.03 19:55:28,350	INFO	1	org.l2jmobius.gameserver.data.xml.impl.AttendanceRewardData	AttendanceRewardData: Disabled.
2020.11.03 19:55:28,350	INFO	1	org.l2jmobius.gameserver.GameServer	----------------------------------------------=[ Characters ]
2020.11.03 19:55:28,356	INFO	1	org.l2jmobius.gameserver.data.xml.impl.ClassListData	ClassListData: Loaded 153 class data.
2020.11.03 19:55:28,361	INFO	1	org.l2jmobius.gameserver.data.xml.impl.InitialEquipmentData	InitialEquipmentData: Loaded 13 initial equipment data.
2020.11.03 19:55:28,366	INFO	1	org.l2jmobius.gameserver.data.xml.impl.InitialShortcutData	InitialShortcutData: Loaded 5 initial global shortcuts data.
2020.11.03 19:55:28,366	INFO	1	org.l2jmobius.gameserver.data.xml.impl.InitialShortcutData	InitialShortcutData: Loaded 5 initial shortcuts data.
2020.11.03 19:55:28,366	INFO	1	org.l2jmobius.gameserver.data.xml.impl.InitialShortcutData	InitialShortcutData: Loaded 0 macro presets.
2020.11.03 19:55:28,370	INFO	1	org.l2jmobius.gameserver.data.xml.impl.ExperienceData	ExperienceData: Loaded 131 levels.
2020.11.03 19:55:28,370	INFO	1	org.l2jmobius.gameserver.data.xml.impl.ExperienceData	ExperienceData: Max Player Level is 130.
2020.11.03 19:55:28,371	INFO	1	org.l2jmobius.gameserver.data.xml.impl.ExperienceData	ExperienceData: Max Pet Level is 99.
2020.11.03 19:55:28,378	INFO	1	org.l2jmobius.gameserver.data.xml.impl.KarmaData	KarmaData: Loaded 121 karma modifiers.
2020.11.03 19:55:28,381	INFO	1	org.l2jmobius.gameserver.data.xml.impl.HitConditionBonusData	HitConditionBonusData: Loaded hit condition bonuses.
2020.11.03 19:55:29,009	INFO	1	org.l2jmobius.gameserver.data.xml.impl.PlayerTemplateData	PlayerTemplateData: Loaded 145 character templates.
2020.11.03 19:55:29,009	INFO	1	org.l2jmobius.gameserver.data.xml.impl.PlayerTemplateData	PlayerTemplateData: Loaded 104400 level up gain records.
2020.11.03 19:55:29,010	INFO	1	org.l2jmobius.gameserver.data.xml.impl.PlayerTemplateData	PlayerTemplateData: Generated 1450 level up gain records.
2020.11.03 19:55:29,012	INFO	1	org.l2jmobius.gameserver.data.sql.impl.CharNameTable	CharNameTable: Loaded 8 char names.
2020.11.03 19:55:29,018	INFO	1	org.l2jmobius.gameserver.data.xml.impl.AdminData	AdminData: Loaded 10 access levels.
2020.11.03 19:55:29,025	INFO	1	org.l2jmobius.gameserver.data.xml.impl.AdminData	AdminData: Loaded 457 access commands.
2020.11.03 19:55:29,553	INFO	1	org.l2jmobius.gameserver.data.xml.impl.PetDataTable	PetDataTable: Loaded 56 pets.
2020.11.03 19:55:29,618	INFO	1	org.l2jmobius.gameserver.data.xml.impl.CubicData	CubicData: Loaded 25 cubics.
2020.11.03 19:55:29,631	INFO	1	org.l2jmobius.gameserver.GameServer	---------------------------------------------------=[ Clans ]
2020.11.03 19:55:29,643	INFO	1	org.l2jmobius.gameserver.communitybbs.Manager.ForumsBBSManager	ForumsBBSManager: Loaded 7 forums. Last forum id used: 7
2020.11.03 19:55:29,658	INFO	1	org.l2jmobius.gameserver.data.sql.impl.ClanTable	ClanTable: Restored 3 clans from the database.
2020.11.03 19:55:29,664	INFO	1	org.l2jmobius.gameserver.data.xml.impl.ResidenceFunctionsData	ResidenceFunctionsData: Loaded 8 functions.
2020.11.03 19:55:29,789	INFO	1	org.l2jmobius.gameserver.data.xml.impl.ClanHallData	ClanHallData: Succesfully loaded 57 clan halls.
2020.11.03 19:55:29,870	INFO	1	org.l2jmobius.gameserver.instancemanager.ClanEntryManager	ClanEntryManager: Loaded 1 clan entries.
2020.11.03 19:55:29,871	INFO	1	org.l2jmobius.gameserver.instancemanager.ClanEntryManager	ClanEntryManager: Loaded 0 players in waiting list.
2020.11.03 19:55:29,871	INFO	1	org.l2jmobius.gameserver.instancemanager.ClanEntryManager	ClanEntryManager: Loaded 0 player applications.
2020.11.03 19:55:29,876	INFO	1	org.l2jmobius.gameserver.data.xml.impl.ClanMasteryData	ClanMasteryData: Loaded 16 clan masteries.
2020.11.03 19:55:29,882	INFO	1	org.l2jmobius.gameserver.data.xml.impl.ClanShopData	ClanShopData: Loaded 13 clan shop products.
2020.11.03 19:55:29,882	INFO	1	org.l2jmobius.gameserver.GameServer	-------------------------------------------------=[ Geodata ]
2020.11.03 19:55:29,885	INFO	1	org.l2jmobius.gameserver.geoengine.GeoEngine	GeoEngine: Initializing...
2020.11.03 19:55:30,003	INFO	1	org.l2jmobius.gameserver.geoengine.GeoEngine	GeoEngine: Loaded 0 geodata files.
2020.11.03 19:55:30,004	INFO	1	org.l2jmobius.gameserver.geoengine.GeoEngine	GeoEngine: Forcing PathFinding setting to false.
2020.11.03 19:55:30,004	INFO	1	org.l2jmobius.gameserver.geoengine.GeoEngine	GeoEngine: Forcing CoordSynchronize setting to -1.
2020.11.03 19:55:30,038	INFO	1	org.l2jmobius.gameserver.geoengine.GeoEngine	GeoEnginePathfinding: Loaded 32 node buffers.
2020.11.03 19:55:30,038	INFO	1	org.l2jmobius.gameserver.GameServer	----------------------------------------------------=[ NPCs ]
2020.11.03 19:55:33,508	INFO	1	org.l2jmobius.gameserver.data.xml.impl.NpcData	NpcData: Loaded 14173 NPCs.
2020.11.03 19:55:33,532	INFO	1	org.l2jmobius.gameserver.data.xml.impl.NpcData	NpcData: Loaded 22 custom NPCs.
2020.11.03 19:55:33,534	INFO	1	org.l2jmobius.gameserver.data.xml.impl.FakePlayerData	FakePlayerData: Disabled.
2020.11.03 19:55:33,536	INFO	1	org.l2jmobius.gameserver.instancemanager.FakePlayerChatManager	FakePlayerChatManager: Disabled.
2020.11.03 19:55:34,520	INFO	1	org.l2jmobius.gameserver.data.xml.impl.SpawnData	SpawnData: Loaded 49232 spawns
2020.11.03 19:55:34,543	INFO	1	org.l2jmobius.gameserver.instancemanager.WalkingManager	WalkingManager: Loaded 197 walking routes.
2020.11.03 19:55:34,550	INFO	1	org.l2jmobius.gameserver.data.xml.impl.StaticObjectData	StaticObjectData: Loaded 86 static object templates.
2020.11.03 19:55:34,563	INFO	1	org.l2jmobius.gameserver.model.itemauction.ItemAuctionInstance	ItemAuctionInstance: Loaded 21 item(s) and registered 3 auction(s) for instance 34328
2020.11.03 19:55:34,565	INFO	1	org.l2jmobius.gameserver.model.itemauction.ItemAuctionInstance	ItemAuctionInstance: Schedule next auction 141 on 17:00:00 07.11.20 for instance 34328
2020.11.03 19:55:34,566	INFO	1	org.l2jmobius.gameserver.instancemanager.ItemAuctionManager	ItemAuctionManager: Loaded 1 instances.
2020.11.03 19:55:34,618	INFO	1	org.l2jmobius.gameserver.instancemanager.InstanceManager	InstanceManager: Loaded 308 instance names.
2020.11.03 19:55:35,021	INFO	1	org.l2jmobius.gameserver.instancemanager.InstanceManager	InstanceManager: Loaded 139 instance templates.
2020.11.03 19:55:35,022	INFO	1	org.l2jmobius.gameserver.instancemanager.InstanceManager	InstanceManager: Loaded instance reenter times for 0 players.
2020.11.03 19:55:35,028	INFO	1	org.l2jmobius.gameserver.instancemanager.CastleManager	CastleManager: Loaded 9 castles.
2020.11.03 19:55:35,030	INFO	1	org.l2jmobius.gameserver.instancemanager.GrandBossManager	GrandBossManager: Fafurion(19740) status is 0
2020.11.03 19:55:35,030	INFO	1	org.l2jmobius.gameserver.instancemanager.GrandBossManager	GrandBossManager: Kelbim(26124) status is 0
2020.11.03 19:55:35,030	INFO	1	org.l2jmobius.gameserver.instancemanager.GrandBossManager	GrandBossManager: Queen Ant(29001) status is 0
2020.11.03 19:55:35,030	INFO	1	org.l2jmobius.gameserver.instancemanager.GrandBossManager	GrandBossManager: Core(29006) status is 0
2020.11.03 19:55:35,030	INFO	1	org.l2jmobius.gameserver.instancemanager.GrandBossManager	GrandBossManager: Baium(29020) status is 0
2020.11.03 19:55:35,030	INFO	1	org.l2jmobius.gameserver.instancemanager.GrandBossManager	GrandBossManager: Valakas(29028) status is 0
2020.11.03 19:55:35,030	INFO	1	org.l2jmobius.gameserver.instancemanager.GrandBossManager	GrandBossManager: Antharas(29068) status is 0
2020.11.03 19:55:35,030	INFO	1	org.l2jmobius.gameserver.instancemanager.GrandBossManager	GrandBossManager: Beleth(29118) status is 0
2020.11.03 19:55:35,030	INFO	1	org.l2jmobius.gameserver.instancemanager.GrandBossManager	GrandBossManager: Earth Wyrm Trasken(29197) status is 0
2020.11.03 19:55:35,030	INFO	1	org.l2jmobius.gameserver.instancemanager.GrandBossManager	GrandBossManager: Lindvior(29240) status is 0
2020.11.03 19:55:35,031	INFO	1	org.l2jmobius.gameserver.instancemanager.GrandBossManager	GrandBossManager: Helios(29305) status is 0
2020.11.03 19:55:35,031	INFO	1	org.l2jmobius.gameserver.instancemanager.GrandBossManager	GrandBossManager: Orfen(29325) status is 0
2020.11.03 19:55:35,031	INFO	1	org.l2jmobius.gameserver.instancemanager.GrandBossManager	GrandBossManager: Lilith(29336) status is 0
2020.11.03 19:55:35,031	INFO	1	org.l2jmobius.gameserver.instancemanager.GrandBossManager	GrandBossManager: Anakim(29348) status is 0
2020.11.03 19:55:35,031	INFO	1	org.l2jmobius.gameserver.instancemanager.GrandBossManager	GrandBossManager: Loaded 14 instances.
2020.11.03 19:55:35,032	INFO	1	org.l2jmobius.gameserver.GameServer	------------------------------------------------=[ Instance ]
2020.11.03 19:55:35,032	INFO	1	org.l2jmobius.gameserver.GameServer	------------------------------------------------=[ Olympiad ]
2020.11.03 19:55:35,038	INFO	1	org.l2jmobius.gameserver.model.olympiad.Olympiad	Olympiad System: Loading....
2020.11.03 19:55:35,038	INFO	1	org.l2jmobius.gameserver.model.olympiad.Olympiad	Olympiad System: Currently in Olympiad Period
2020.11.03 19:55:35,038	INFO	1	org.l2jmobius.gameserver.model.olympiad.Olympiad	Olympiad System: 34084 minutes until period ends
2020.11.03 19:55:35,038	INFO	1	org.l2jmobius.gameserver.model.olympiad.Olympiad	Olympiad System: Next weekly change is in 1499 minutes
2020.11.03 19:55:35,038	INFO	1	org.l2jmobius.gameserver.model.olympiad.Olympiad	Olympiad System: Loaded 1 Nobles
2020.11.03 19:55:35,043	INFO	1	org.l2jmobius.gameserver.model.olympiad.Olympiad	Olympiad System: Competition Period Starts in 3 days, 0 hours and 5 mins.
2020.11.03 19:55:35,051	INFO	1	org.l2jmobius.gameserver.model.olympiad.Olympiad	Olympiad System: Event starts/started: Fri Nov 06 20:00:35 EET 2020
2020.11.03 19:55:35,055	WARNING	1	org.l2jmobius.gameserver.model.entity.Hero	Hero System: Couldnt load Heroes: (conn=769) Unknown column 'heroes.legend_count' in 'field list'
2020.11.03 19:55:35,056	INFO	1	org.l2jmobius.gameserver.model.entity.Hero	Hero System: Loaded 0 Heroes.
2020.11.03 19:55:35,056	INFO	1	org.l2jmobius.gameserver.model.entity.Hero	Hero System: Loaded 0 all time Heroes.
2020.11.03 19:55:35,056	INFO	1	org.l2jmobius.gameserver.GameServer	---------------------------------------------------=[ Cache ]
2020.11.03 19:55:35,057	INFO	1	org.l2jmobius.gameserver.cache.HtmCache	Html cache start...
2020.11.03 19:55:37,521	INFO	1	org.l2jmobius.gameserver.cache.HtmCache	Cache[HTML]: 4,099 megabytes on 6189 files loaded.
2020.11.03 19:55:37,527	INFO	1	org.l2jmobius.gameserver.data.sql.impl.CrestTable	CrestTable: Loaded 0 Crests.
2020.11.03 19:55:37,531	INFO	1	org.l2jmobius.gameserver.data.xml.impl.TeleportListData	TeleportListData: Loaded 100 teleports.
2020.11.03 19:55:38,177	INFO	1	org.l2jmobius.gameserver.data.xml.impl.TeleporterData	TeleporterData: Loaded 162 npc teleporters.
2020.11.03 19:55:38,184	INFO	1	org.l2jmobius.gameserver.instancemanager.CursedWeaponsManager	CursedWeaponsManager: Loaded 2 cursed weapons.
2020.11.03 19:55:38,838	INFO	1	org.l2jmobius.gameserver.data.xml.impl.TransformData	TransformData: Loaded 174 transform templates.
2020.11.03 19:55:38,846	INFO	1	org.l2jmobius.gameserver.datatables.BotReportTable	BotReportTable: Loaded 0 bot reports
2020.11.03 19:55:38,853	INFO	1	org.l2jmobius.gameserver.instancemanager.SellBuffsManager	SellBuffsManager: Loaded 145 allowed buffs.
2020.11.03 19:55:38,853	INFO	1	org.l2jmobius.gameserver.GameServer	-------------------------------------------------=[ Scripts ]
2020.11.03 19:55:38,859	INFO	1	org.l2jmobius.gameserver.instancemanager.AirShipManager	AirShipManager: Loaded 0 private airships
2020.11.03 19:55:38,867	INFO	1	org.l2jmobius.gameserver.data.xml.impl.ShuttleData	ShuttleData: Loaded 3 shuttles.
2020.11.03 19:55:38,868	INFO	1	org.l2jmobius.gameserver.GameServer	GameServer: Loading server scripts:
2020.11.03 19:55:39,470	INFO	1	handlers.MasterHandler	Loading Handlers...
2020.11.03 19:55:39,542	INFO	1	handlers.MasterHandler	ActionHandler: Loaded 10 handlers.
2020.11.03 19:55:39,543	INFO	1	handlers.MasterHandler	ActionShiftHandler: Loaded 6 handlers.
2020.11.03 19:55:39,543	INFO	1	handlers.MasterHandler	AdminCommandHandler: Loaded 448 handlers.
2020.11.03 19:55:39,543	INFO	1	handlers.MasterHandler	BypassHandler: Loaded 32 handlers.
2020.11.03 19:55:39,543	INFO	1	handlers.MasterHandler	ChatHandler: Loaded 14 handlers.
2020.11.03 19:55:39,543	INFO	1	handlers.MasterHandler	CommunityBoardHandler: Loaded 24 handlers.
2020.11.03 19:55:39,543	INFO	1	handlers.MasterHandler	ItemHandler: Loaded 32 handlers.
2020.11.03 19:55:39,543	INFO	1	handlers.MasterHandler	PunishmentHandler: Loaded 3 handlers.
2020.11.03 19:55:39,543	INFO	1	handlers.MasterHandler	UserCommandHandler: Loaded 16 handlers.
2020.11.03 19:55:39,543	INFO	1	handlers.MasterHandler	VoicedCommandHandler: Loaded 6 handlers.
2020.11.03 19:55:39,543	INFO	1	handlers.MasterHandler	TargetHandler: Loaded 21 handlers.
2020.11.03 19:55:39,543	INFO	1	handlers.MasterHandler	AffectObjectHandler: Loaded 11 handlers.
2020.11.03 19:55:39,543	INFO	1	handlers.MasterHandler	AffectScopeHandler: Loaded 19 handlers.
2020.11.03 19:55:39,544	INFO	1	handlers.MasterHandler	PlayerActionHandler: Loaded 24 handlers.
2020.11.03 19:55:39,544	INFO	1	handlers.MasterHandler	Handlers Loaded...
2020.11.03 19:55:56,595	INFO	1	ai.areas.FantasyIsle.HandysBlockCheckerEvent	Handy's Block Checker Event is enabled
2020.11.03 19:55:56,600	INFO	1	ai.areas.FantasyIsle.Parade	Fantasy Isle: Parade starting at 2020/11/03 21:20 and is scheduled each next 1 hours.
2020.11.03 19:55:56,604	INFO	1	ai.areas.FantasyIsle.TalentShow	Fantasy Isle: MC show script starting at 04/11/2020 17:50:56 and is scheduled each next 4 hours.
2020.11.03 19:55:56,928	INFO	1	org.l2jmobius.gameserver.instancemanager.GrandBossManager	GrandBossManager: Updated Etis van Etina(29318) status to 0.
2020.11.03 19:55:56,960	INFO	1	org.l2jmobius.gameserver.instancemanager.GrandBossManager	GrandBossManager: Updated Fafurion(19740) status to 0.
2020.11.03 19:55:56,982	INFO	1	org.l2jmobius.gameserver.instancemanager.GrandBossManager	GrandBossManager: Updated Helios(29305) status to 0.
2020.11.03 19:55:57,000	INFO	1	org.l2jmobius.gameserver.instancemanager.GrandBossManager	GrandBossManager: Updated Lindvior(29240) status to 0.
2020.11.03 19:55:57,112	INFO	1	ai.bosses.Tiat.Stage1	[Seed of Destruction] Loaded 51 spawn zones data.
2020.11.03 19:55:57,168	INFO	1	ai.others.ClassMaster.ClassMaster	ClassMaster: Loaded 0 class change options.
2020.11.03 19:55:57,239	INFO	1	ai.others.MentorGuide.MentorGuide	MentorGuide: Loaded 5 mentee coins
2020.11.03 19:55:57,265	INFO	1	ai.others.NpcBuffers.NpcBuffersData	NpcBuffersData: Loaded 6 buffers data.
2020.11.03 19:55:57,344	INFO	1	events.BirthOfDraco.BirthOfDraco	Event Birth of Draco has passed... Ignored 
2020.11.03 19:55:57,361	INFO	1	events.EveTheFortuneTeller.EveTheFortuneTeller	Event Eve the Fortune Teller active till Tue Dec 18 00:00:00 EET 2029
2020.11.03 19:55:57,366	INFO	1	events.FreyaCelebration.FreyaCelebration	Event Freya Celebration has passed... Ignored 
2020.11.03 19:55:57,370	INFO	1	events.GiftOfVitality.GiftOfVitality	Event Gift of Vitality has passed... Ignored 
2020.11.03 19:55:57,374	INFO	1	events.Halloween.Halloween	Event Halloween has passed... Ignored 
2020.11.03 19:55:57,379	INFO	1	events.HappyHours.HappyHours	Event Happy Hours has passed... Ignored 
2020.11.03 19:55:57,382	INFO	1	events.HeavyMedal.HeavyMedal	Event Heavy Medal has passed... Ignored 
2020.11.03 19:55:57,386	INFO	1	events.HungryHorse.HungryHorse	Event Hungry Horse has passed... Ignored 
2020.11.03 19:55:57,389	INFO	1	events.HuntForSanta.HuntForSanta	Event Hunt for Santa has passed... Ignored 
2020.11.03 19:55:57,392	INFO	1	events.LetterCollector.LetterCollector	Event Letter Collector has passed... Ignored 
2020.11.03 19:55:57,396	INFO	1	events.LoversJubilee.LoversJubilee	Event Lovers Jubilee has passed... Ignored 
2020.11.03 19:55:57,398	INFO	1	events.LoveYourGatekeeper.LoveYourGatekeeper	Event Love Your Gatekeeper has passed... Ignored 
2020.11.03 19:55:57,401	INFO	1	events.MasterOfEnchanting.MasterOfEnchanting	Event Master of Enchanting has passed... Ignored 
2020.11.03 19:55:57,404	INFO	1	events.RedLibra.RedLibra	Event Red Libra has passed... Ignored 
2020.11.03 19:55:57,408	INFO	1	events.RudolphsBlessing.RudolphsBlessing	Event Rudolphs Blessing has passed... Ignored 
2020.11.03 19:55:57,413	INFO	1	events.SavingSanta.SavingSanta	Event Saving Santa has passed... Ignored 
2020.11.03 19:55:57,416	INFO	1	events.ThePowerOfLove.ThePowerOfLove	Event The Power Of Love has passed... Ignored 
2020.11.03 19:55:57,419	INFO	1	events.TrainingWithDandy.TrainingWithDandy	Event Training with Dandy has passed... Ignored 
2020.11.03 19:55:57,525	INFO	1	org.l2jmobius.gameserver.data.xml.impl.SpawnData	SpawnData: Initializing spawns...
2020.11.03 19:55:57,533	WARNING	1	org.l2jmobius.gameserver.instancemanager.DBSpawnManager	DBSpawnManager: Could not load npc #26296 from DB
2020.11.03 19:55:57,533	WARNING	1	org.l2jmobius.gameserver.instancemanager.DBSpawnManager	DBSpawnManager: Could not load npc #25981 from DB
2020.11.03 19:55:57,541	WARNING	1	org.l2jmobius.gameserver.instancemanager.DBSpawnManager	DBSpawnManager: Could not load npc #26286 from DB
2020.11.03 19:55:57,541	WARNING	1	org.l2jmobius.gameserver.instancemanager.DBSpawnManager	DBSpawnManager: Could not load npc #25947 from DB
2020.11.03 19:55:57,544	WARNING	1	org.l2jmobius.gameserver.instancemanager.DBSpawnManager	DBSpawnManager: Could not load npc #26288 from DB
2020.11.03 19:55:57,544	WARNING	1	org.l2jmobius.gameserver.instancemanager.DBSpawnManager	DBSpawnManager: Could not load npc #26304 from DB
2020.11.03 19:55:57,544	WARNING	1	org.l2jmobius.gameserver.instancemanager.DBSpawnManager	DBSpawnManager: Could not load npc #26295 from DB
2020.11.03 19:55:57,544	WARNING	1	org.l2jmobius.gameserver.instancemanager.DBSpawnManager	DBSpawnManager: Could not load npc #26374 from DB
2020.11.03 19:55:57,544	WARNING	1	org.l2jmobius.gameserver.instancemanager.DBSpawnManager	DBSpawnManager: Could not load npc #26070 from DB
2020.11.03 19:55:57,544	WARNING	1	org.l2jmobius.gameserver.instancemanager.DBSpawnManager	DBSpawnManager: Could not load npc #25972 from DB
2020.11.03 19:55:57,544	WARNING	1	org.l2jmobius.gameserver.instancemanager.DBSpawnManager	DBSpawnManager: Could not load npc #26036 from DB
2020.11.03 19:55:57,544	WARNING	1	org.l2jmobius.gameserver.instancemanager.DBSpawnManager	DBSpawnManager: Could not load npc #26079 from DB
2020.11.03 19:55:57,545	WARNING	1	org.l2jmobius.gameserver.instancemanager.DBSpawnManager	DBSpawnManager: Could not load npc #26285 from DB
2020.11.03 19:55:57,545	WARNING	1	org.l2jmobius.gameserver.instancemanager.DBSpawnManager	DBSpawnManager: Could not load npc #26301 from DB
2020.11.03 19:55:57,545	WARNING	1	org.l2jmobius.gameserver.instancemanager.DBSpawnManager	DBSpawnManager: Could not load npc #25956 from DB
2020.11.03 19:55:57,548	WARNING	1	org.l2jmobius.gameserver.instancemanager.DBSpawnManager	DBSpawnManager: Could not load npc #26381 from DB
2020.11.03 19:55:57,549	WARNING	1	org.l2jmobius.gameserver.instancemanager.DBSpawnManager	DBSpawnManager: Could not load npc #25945 from DB
2020.11.03 19:55:57,549	WARNING	1	org.l2jmobius.gameserver.instancemanager.DBSpawnManager	DBSpawnManager: Could not load npc #26165 from DB
2020.11.03 19:55:57,549	WARNING	1	org.l2jmobius.gameserver.instancemanager.DBSpawnManager	DBSpawnManager: Could not load npc #26027 from DB
2020.11.03 19:55:57,549	WARNING	1	org.l2jmobius.gameserver.instancemanager.DBSpawnManager	DBSpawnManager: Could not load npc #25244 from DB
2020.11.03 19:55:57,549	WARNING	1	org.l2jmobius.gameserver.instancemanager.DBSpawnManager	DBSpawnManager: Could not load npc #26078 from DB
2020.11.03 19:55:57,549	WARNING	1	org.l2jmobius.gameserver.instancemanager.DBSpawnManager	DBSpawnManager: Could not load npc #25994 from DB
2020.11.03 19:55:57,549	WARNING	1	org.l2jmobius.gameserver.instancemanager.DBSpawnManager	DBSpawnManager: Could not load npc #25990 from DB
2020.11.03 19:55:57,549	WARNING	1	org.l2jmobius.gameserver.instancemanager.DBSpawnManager	DBSpawnManager: Could not load npc #26373 from DB
2020.11.03 19:55:57,549	WARNING	1	org.l2jmobius.gameserver.instancemanager.DBSpawnManager	DBSpawnManager: Could not load npc #26293 from DB
2020.11.03 19:55:57,549	WARNING	1	org.l2jmobius.gameserver.instancemanager.DBSpawnManager	DBSpawnManager: Could not load npc #25870 from DB
2020.11.03 19:55:57,550	WARNING	1	org.l2jmobius.gameserver.instancemanager.DBSpawnManager	DBSpawnManager: Could not load npc #26302 from DB
2020.11.03 19:55:57,554	WARNING	1	org.l2jmobius.gameserver.instancemanager.DBSpawnManager	DBSpawnManager: Could not load npc #25993 from DB
2020.11.03 19:55:57,554	WARNING	1	org.l2jmobius.gameserver.instancemanager.DBSpawnManager	DBSpawnManager: Could not load npc #25948 from DB
2020.11.03 19:55:57,557	WARNING	1	org.l2jmobius.gameserver.instancemanager.DBSpawnManager	DBSpawnManager: Could not load npc #26044 from DB
2020.11.03 19:55:57,557	WARNING	1	org.l2jmobius.gameserver.instancemanager.DBSpawnManager	DBSpawnManager: Could not load npc #26375 from DB
2020.11.03 19:55:57,558	WARNING	1	org.l2jmobius.gameserver.instancemanager.DBSpawnManager	DBSpawnManager: Could not load npc #25862 from DB
2020.11.03 19:55:57,558	WARNING	1	org.l2jmobius.gameserver.instancemanager.DBSpawnManager	DBSpawnManager: Could not load npc #25968 from DB
2020.11.03 19:55:57,558	WARNING	1	org.l2jmobius.gameserver.instancemanager.DBSpawnManager	DBSpawnManager: Could not load npc #26013 from DB
2020.11.03 19:55:57,558	WARNING	1	org.l2jmobius.gameserver.instancemanager.DBSpawnManager	DBSpawnManager: Could not load npc #26382 from DB
2020.11.03 19:55:57,558	WARNING	1	org.l2jmobius.gameserver.instancemanager.DBSpawnManager	DBSpawnManager: Could not load npc #26004 from DB
2020.11.03 19:55:57,558	WARNING	1	org.l2jmobius.gameserver.instancemanager.DBSpawnManager	DBSpawnManager: Could not load npc #26180 from DB
2020.11.03 19:55:57,558	WARNING	1	org.l2jmobius.gameserver.instancemanager.DBSpawnManager	DBSpawnManager: Could not load npc #26048 from DB
2020.11.03 19:55:57,558	WARNING	1	org.l2jmobius.gameserver.instancemanager.DBSpawnManager	DBSpawnManager: Could not load npc #26172 from DB
2020.11.03 19:55:57,558	WARNING	1	org.l2jmobius.gameserver.instancemanager.DBSpawnManager	DBSpawnManager: Could not load npc #25354 from DB
2020.11.03 19:55:57,558	WARNING	1	org.l2jmobius.gameserver.instancemanager.DBSpawnManager	DBSpawnManager: Could not load npc #26294 from DB
2020.11.03 19:55:57,558	WARNING	1	org.l2jmobius.gameserver.instancemanager.DBSpawnManager	DBSpawnManager: Could not load npc #26003 from DB
2020.11.03 19:55:57,558	WARNING	1	org.l2jmobius.gameserver.instancemanager.DBSpawnManager	DBSpawnManager: Could not load npc #25949 from DB
2020.11.03 19:55:57,558	WARNING	1	org.l2jmobius.gameserver.instancemanager.DBSpawnManager	DBSpawnManager: Could not load npc #26058 from DB
2020.11.03 19:55:57,558	WARNING	1	org.l2jmobius.gameserver.instancemanager.DBSpawnManager	DBSpawnManager: Could not load npc #25991 from DB
2020.11.03 19:55:57,558	WARNING	1	org.l2jmobius.gameserver.instancemanager.DBSpawnManager	DBSpawnManager: Could not load npc #26287 from DB
2020.11.03 19:55:57,561	WARNING	1	org.l2jmobius.gameserver.instancemanager.DBSpawnManager	DBSpawnManager: Could not load npc #26049 from DB
2020.11.03 19:55:57,561	WARNING	1	org.l2jmobius.gameserver.instancemanager.DBSpawnManager	DBSpawnManager: Could not load npc #26171 from DB
2020.11.03 19:55:57,561	WARNING	1	org.l2jmobius.gameserver.instancemanager.DBSpawnManager	DBSpawnManager: Could not load npc #25982 from DB
2020.11.03 19:55:57,561	WARNING	1	org.l2jmobius.gameserver.instancemanager.DBSpawnManager	DBSpawnManager: Could not load npc #26034 from DB
2020.11.03 19:55:57,561	WARNING	1	org.l2jmobius.gameserver.instancemanager.DBSpawnManager	DBSpawnManager: Could not load npc #26014 from DB
2020.11.03 19:55:57,561	WARNING	1	org.l2jmobius.gameserver.instancemanager.DBSpawnManager	DBSpawnManager: Could not load npc #25927 from DB
2020.11.03 19:55:57,561	WARNING	1	org.l2jmobius.gameserver.instancemanager.DBSpawnManager	DBSpawnManager: Could not load npc #25523 from DB
2020.11.03 19:55:57,561	WARNING	1	org.l2jmobius.gameserver.instancemanager.DBSpawnManager	DBSpawnManager: Could not load npc #26080 from DB
2020.11.03 19:55:57,561	WARNING	1	org.l2jmobius.gameserver.instancemanager.DBSpawnManager	DBSpawnManager: Could not load npc #25418 from DB
2020.11.03 19:55:57,562	WARNING	1	org.l2jmobius.gameserver.instancemanager.DBSpawnManager	DBSpawnManager: Could not load npc #26162 from DB
2020.11.03 19:55:57,564	WARNING	1	org.l2jmobius.gameserver.instancemanager.DBSpawnManager	DBSpawnManager: Could not load npc #26035 from DB
2020.11.03 19:55:57,564	WARNING	1	org.l2jmobius.gameserver.instancemanager.DBSpawnManager	DBSpawnManager: Could not load npc #25983 from DB
2020.11.03 19:55:57,564	WARNING	1	org.l2jmobius.gameserver.instancemanager.DBSpawnManager	DBSpawnManager: Could not load npc #26303 from DB
2020.11.03 19:55:57,564	WARNING	1	org.l2jmobius.gameserver.instancemanager.DBSpawnManager	DBSpawnManager: Could not load npc #25527 from DB
2020.11.03 19:55:57,564	WARNING	1	org.l2jmobius.gameserver.instancemanager.DBSpawnManager	DBSpawnManager: Could not load npc #26046 from DB
2020.11.03 19:55:57,564	WARNING	1	org.l2jmobius.gameserver.instancemanager.DBSpawnManager	DBSpawnManager: Could not load npc #26372 from DB
2020.11.03 19:55:57,566	WARNING	1	org.l2jmobius.gameserver.instancemanager.DBSpawnManager	DBSpawnManager: Could not load npc #26022 from DB
2020.11.03 19:55:57,566	WARNING	1	org.l2jmobius.gameserver.instancemanager.DBSpawnManager	DBSpawnManager: Could not load npc #26380 from DB
2020.11.03 19:55:57,566	WARNING	1	org.l2jmobius.gameserver.instancemanager.DBSpawnManager	DBSpawnManager: Could not load npc #25960 from DB
2020.11.03 19:55:57,566	WARNING	1	org.l2jmobius.gameserver.instancemanager.DBSpawnManager	DBSpawnManager: Could not load npc #25352 from DB
2020.11.03 19:55:57,569	WARNING	1	org.l2jmobius.gameserver.instancemanager.DBSpawnManager	DBSpawnManager: Could not load npc #26033 from DB
2020.11.03 19:55:57,569	WARNING	1	org.l2jmobius.gameserver.instancemanager.DBSpawnManager	DBSpawnManager: Could not load npc #26383 from DB
2020.11.03 19:55:57,569	WARNING	1	org.l2jmobius.gameserver.instancemanager.DBSpawnManager	DBSpawnManager: Could not load npc #26015 from DB
2020.11.03 19:55:57,569	WARNING	1	org.l2jmobius.gameserver.instancemanager.DBSpawnManager	DBSpawnManager: Could not load npc #26188 from DB
2020.11.03 19:55:57,569	WARNING	1	org.l2jmobius.gameserver.instancemanager.DBSpawnManager	DBSpawnManager: Could not load npc #26023 from DB
2020.11.03 19:55:57,574	WARNING	1	org.l2jmobius.gameserver.instancemanager.DBSpawnManager	DBSpawnManager: Could not load npc #25506 from DB
2020.11.03 19:55:57,575	WARNING	1	org.l2jmobius.gameserver.instancemanager.DBSpawnManager	DBSpawnManager: Could not load npc #26081 from DB
2020.11.03 19:55:57,580	WARNING	1	org.l2jmobius.gameserver.instancemanager.DBSpawnManager	DBSpawnManager: Could not load npc #26011 from DB
2020.11.03 19:55:57,580	WARNING	1	org.l2jmobius.gameserver.instancemanager.DBSpawnManager	DBSpawnManager: Could not load npc #26173 from DB
2020.11.03 19:55:57,580	WARNING	1	org.l2jmobius.gameserver.instancemanager.DBSpawnManager	DBSpawnManager: Could not load npc #25967 from DB
2020.11.03 19:55:57,580	WARNING	1	org.l2jmobius.gameserver.instancemanager.DBSpawnManager	DBSpawnManager: Could not load npc #26047 from DB
2020.11.03 19:55:57,584	WARNING	1	org.l2jmobius.gameserver.instancemanager.DBSpawnManager	DBSpawnManager: Could not load npc #26077 from DB
2020.11.03 19:55:57,584	WARNING	1	org.l2jmobius.gameserver.instancemanager.DBSpawnManager	DBSpawnManager: Could not load npc #25871 from DB
2020.11.03 19:55:57,584	WARNING	1	org.l2jmobius.gameserver.instancemanager.DBSpawnManager	DBSpawnManager: Could not load npc #25969 from DB
2020.11.03 19:55:57,584	WARNING	1	org.l2jmobius.gameserver.instancemanager.DBSpawnManager	DBSpawnManager: Could not load npc #26186 from DB
2020.11.03 19:55:57,584	WARNING	1	org.l2jmobius.gameserver.instancemanager.DBSpawnManager	DBSpawnManager: Could not load npc #25420 from DB
2020.11.03 19:55:57,584	WARNING	1	org.l2jmobius.gameserver.instancemanager.DBSpawnManager	DBSpawnManager: Could not load npc #25978 from DB
2020.11.03 19:55:57,584	WARNING	1	org.l2jmobius.gameserver.instancemanager.DBSpawnManager	DBSpawnManager: Could not load npc #26071 from DB
2020.11.03 19:55:57,584	WARNING	1	org.l2jmobius.gameserver.instancemanager.DBSpawnManager	DBSpawnManager: Could not load npc #25946 from DB
2020.11.03 19:55:57,587	WARNING	1	org.l2jmobius.gameserver.instancemanager.DBSpawnManager	DBSpawnManager: Could not load npc #26163 from DB
2020.11.03 19:55:57,590	WARNING	1	org.l2jmobius.gameserver.instancemanager.DBSpawnManager	DBSpawnManager: Could not load npc #26026 from DB
2020.11.03 19:55:57,590	WARNING	1	org.l2jmobius.gameserver.instancemanager.DBSpawnManager	DBSpawnManager: Could not load npc #26056 from DB
2020.11.03 19:55:57,591	WARNING	1	org.l2jmobius.gameserver.instancemanager.DBSpawnManager	DBSpawnManager: Could not load npc #26025 from DB
2020.11.03 19:55:57,591	WARNING	1	org.l2jmobius.gameserver.instancemanager.DBSpawnManager	DBSpawnManager: Could not load npc #26037 from DB
2020.11.03 19:55:57,591	WARNING	1	org.l2jmobius.gameserver.instancemanager.DBSpawnManager	DBSpawnManager: Could not load npc #26005 from DB
2020.11.03 19:55:57,591	WARNING	1	org.l2jmobius.gameserver.instancemanager.DBSpawnManager	DBSpawnManager: Could not load npc #25504 from DB
2020.11.03 19:55:57,591	WARNING	1	org.l2jmobius.gameserver.instancemanager.DBSpawnManager	DBSpawnManager: Could not load npc #26066 from DB
2020.11.03 19:55:57,596	WARNING	1	org.l2jmobius.gameserver.instancemanager.DBSpawnManager	DBSpawnManager: Could not load npc #26067 from DB
2020.11.03 19:55:57,596	WARNING	1	org.l2jmobius.gameserver.instancemanager.DBSpawnManager	DBSpawnManager: Could not load npc #26057 from DB
2020.11.03 19:55:57,596	WARNING	1	org.l2jmobius.gameserver.instancemanager.DBSpawnManager	DBSpawnManager: Could not load npc #26055 from DB
2020.11.03 19:55:57,596	WARNING	1	org.l2jmobius.gameserver.instancemanager.DBSpawnManager	DBSpawnManager: Could not load npc #26059 from DB
2020.11.03 19:55:57,596	WARNING	1	org.l2jmobius.gameserver.instancemanager.DBSpawnManager	DBSpawnManager: Could not load npc #26012 from DB
2020.11.03 19:55:57,596	WARNING	1	org.l2jmobius.gameserver.instancemanager.DBSpawnManager	DBSpawnManager: Could not load npc #26001 from DB
2020.11.03 19:55:57,599	WARNING	1	org.l2jmobius.gameserver.instancemanager.DBSpawnManager	DBSpawnManager: Could not load npc #26068 from DB
2020.11.03 19:55:57,599	WARNING	1	org.l2jmobius.gameserver.instancemanager.DBSpawnManager	DBSpawnManager: Could not load npc #26069 from DB
2020.11.03 19:55:57,599	WARNING	1	org.l2jmobius.gameserver.instancemanager.DBSpawnManager	DBSpawnManager: Could not load npc #25169 from DB
2020.11.03 19:55:57,600	WARNING	1	org.l2jmobius.gameserver.instancemanager.DBSpawnManager	DBSpawnManager: Could not load npc #26000 from DB
2020.11.03 19:55:57,605	WARNING	1	org.l2jmobius.gameserver.instancemanager.DBSpawnManager	DBSpawnManager: Could not load npc #25119 from DB
2020.11.03 19:55:57,605	WARNING	1	org.l2jmobius.gameserver.instancemanager.DBSpawnManager	DBSpawnManager: Could not load npc #26170 from DB
2020.11.03 19:55:57,612	WARNING	1	org.l2jmobius.gameserver.instancemanager.DBSpawnManager	DBSpawnManager: Could not load npc #25010 from DB
2020.11.03 19:55:57,612	WARNING	1	org.l2jmobius.gameserver.instancemanager.DBSpawnManager	DBSpawnManager: Could not load npc #26024 from DB
2020.11.03 19:55:57,618	WARNING	1	org.l2jmobius.gameserver.instancemanager.DBSpawnManager	DBSpawnManager: Could not load npc #25958 from DB
2020.11.03 19:55:57,618	WARNING	1	org.l2jmobius.gameserver.instancemanager.DBSpawnManager	DBSpawnManager: Could not load npc #26179 from DB
2020.11.03 19:55:57,618	WARNING	1	org.l2jmobius.gameserver.instancemanager.DBSpawnManager	DBSpawnManager: Could not load npc #25980 from DB
2020.11.03 19:55:57,618	WARNING	1	org.l2jmobius.gameserver.instancemanager.DBSpawnManager	DBSpawnManager: Could not load npc #26189 from DB
2020.11.03 19:55:57,618	WARNING	1	org.l2jmobius.gameserver.instancemanager.DBSpawnManager	DBSpawnManager: Could not load npc #25099 from DB
2020.11.03 19:55:57,618	WARNING	1	org.l2jmobius.gameserver.instancemanager.DBSpawnManager	DBSpawnManager: Could not load npc #26002 from DB
2020.11.03 19:55:57,618	WARNING	1	org.l2jmobius.gameserver.instancemanager.DBSpawnManager	DBSpawnManager: Could not load npc #25950 from DB
2020.11.03 19:55:57,619	WARNING	1	org.l2jmobius.gameserver.instancemanager.DBSpawnManager	DBSpawnManager: Could not load npc #25859 from DB
2020.11.03 19:55:57,622	WARNING	1	org.l2jmobius.gameserver.instancemanager.DBSpawnManager	DBSpawnManager: Could not load npc #26016 from DB
2020.11.03 19:55:57,622	WARNING	1	org.l2jmobius.gameserver.instancemanager.DBSpawnManager	DBSpawnManager: Could not load npc #25245 from DB
2020.11.03 19:55:57,622	WARNING	1	org.l2jmobius.gameserver.instancemanager.DBSpawnManager	DBSpawnManager: Could not load npc #25961 from DB
2020.11.03 19:55:57,622	WARNING	1	org.l2jmobius.gameserver.instancemanager.DBSpawnManager	DBSpawnManager: Could not load npc #26181 from DB
2020.11.03 19:55:57,628	WARNING	1	org.l2jmobius.gameserver.instancemanager.DBSpawnManager	DBSpawnManager: Could not load npc #25989 from DB
2020.11.03 19:55:57,628	WARNING	1	org.l2jmobius.gameserver.instancemanager.DBSpawnManager	DBSpawnManager: Could not load npc #25971 from DB
2020.11.03 19:55:57,628	WARNING	1	org.l2jmobius.gameserver.instancemanager.DBSpawnManager	DBSpawnManager: Could not load npc #25423 from DB
2020.11.03 19:55:57,631	WARNING	1	org.l2jmobius.gameserver.instancemanager.DBSpawnManager	DBSpawnManager: Could not load npc #25170 from DB
2020.11.03 19:55:57,631	WARNING	1	org.l2jmobius.gameserver.instancemanager.DBSpawnManager	DBSpawnManager: Could not load npc #25498 from DB
2020.11.03 19:55:57,631	WARNING	1	org.l2jmobius.gameserver.instancemanager.DBSpawnManager	DBSpawnManager: Could not load npc #25143 from DB
2020.11.03 19:55:57,631	WARNING	1	org.l2jmobius.gameserver.instancemanager.DBSpawnManager	DBSpawnManager: Could not load npc #25447 from DB
2020.11.03 19:55:57,631	WARNING	1	org.l2jmobius.gameserver.instancemanager.DBSpawnManager	DBSpawnManager: Could not load npc #25273 from DB
2020.11.03 19:55:57,631	WARNING	1	org.l2jmobius.gameserver.instancemanager.DBSpawnManager	DBSpawnManager: Could not load npc #25493 from DB
2020.11.03 19:55:57,631	WARNING	1	org.l2jmobius.gameserver.instancemanager.DBSpawnManager	DBSpawnManager: Could not load npc #25478 from DB
2020.11.03 19:55:57,631	WARNING	1	org.l2jmobius.gameserver.instancemanager.DBSpawnManager	DBSpawnManager: Could not load npc #25185 from DB
2020.11.03 19:55:57,631	WARNING	1	org.l2jmobius.gameserver.instancemanager.DBSpawnManager	DBSpawnManager: Could not load npc #25360 from DB
2020.11.03 19:55:57,631	WARNING	1	org.l2jmobius.gameserver.instancemanager.DBSpawnManager	DBSpawnManager: Could not load npc #25122 from DB
2020.11.03 19:55:57,632	WARNING	1	org.l2jmobius.gameserver.instancemanager.DBSpawnManager	DBSpawnManager: Could not load npc #25319 from DB
2020.11.03 19:55:57,632	WARNING	1	org.l2jmobius.gameserver.instancemanager.DBSpawnManager	DBSpawnManager: Could not load npc #25441 from DB
2020.11.03 19:55:57,632	WARNING	1	org.l2jmobius.gameserver.instancemanager.DBSpawnManager	DBSpawnManager: Could not load npc #25163 from DB
2020.11.03 19:55:57,632	WARNING	1	org.l2jmobius.gameserver.instancemanager.DBSpawnManager	DBSpawnManager: Could not load npc #25392 from DB
2020.11.03 19:55:57,632	WARNING	1	org.l2jmobius.gameserver.instancemanager.DBSpawnManager	DBSpawnManager: Could not load npc #25373 from DB
2020.11.03 19:55:57,632	WARNING	1	org.l2jmobius.gameserver.instancemanager.DBSpawnManager	DBSpawnManager: Could not load npc #25362 from DB
2020.11.03 19:55:57,632	WARNING	1	org.l2jmobius.gameserver.instancemanager.DBSpawnManager	DBSpawnManager: Could not load npc #25020 from DB
2020.11.03 19:55:57,632	WARNING	1	org.l2jmobius.gameserver.instancemanager.DBSpawnManager	DBSpawnManager: Could not load npc #25128 from DB
2020.11.03 19:55:57,632	WARNING	1	org.l2jmobius.gameserver.instancemanager.DBSpawnManager	DBSpawnManager: Could not load npc #25007 from DB
2020.11.03 19:55:57,632	WARNING	1	org.l2jmobius.gameserver.instancemanager.DBSpawnManager	DBSpawnManager: Could not load npc #25158 from DB
2020.11.03 19:55:57,632	WARNING	1	org.l2jmobius.gameserver.instancemanager.DBSpawnManager	DBSpawnManager: Could not load npc #25434 from DB
2020.11.03 19:55:57,632	WARNING	1	org.l2jmobius.gameserver.instancemanager.DBSpawnManager	DBSpawnManager: Could not load npc #25375 from DB
2020.11.03 19:55:57,632	WARNING	1	org.l2jmobius.gameserver.instancemanager.DBSpawnManager	DBSpawnManager: Could not load npc #25463 from DB
2020.11.03 19:55:57,632	WARNING	1	org.l2jmobius.gameserver.instancemanager.DBSpawnManager	DBSpawnManager: Could not load npc #25404 from DB
2020.11.03 19:55:57,633	WARNING	1	org.l2jmobius.gameserver.instancemanager.DBSpawnManager	DBSpawnManager: Could not load npc #25146 from DB
2020.11.03 19:55:57,633	WARNING	1	org.l2jmobius.gameserver.instancemanager.DBSpawnManager	DBSpawnManager: Could not load npc #25088 from DB
2020.11.03 19:55:57,633	WARNING	1	org.l2jmobius.gameserver.instancemanager.DBSpawnManager	DBSpawnManager: Could not load npc #25252 from DB
2020.11.03 19:55:57,633	WARNING	1	org.l2jmobius.gameserver.instancemanager.DBSpawnManager	DBSpawnManager: Could not load npc #25188 from DB
2020.11.03 19:55:57,633	WARNING	1	org.l2jmobius.gameserver.instancemanager.DBSpawnManager	DBSpawnManager: Could not load npc #25325 from DB
2020.11.03 19:55:57,633	WARNING	1	org.l2jmobius.gameserver.instancemanager.DBSpawnManager	DBSpawnManager: Could not load npc #25050 from DB
2020.11.03 19:55:57,633	WARNING	1	org.l2jmobius.gameserver.instancemanager.DBSpawnManager	DBSpawnManager: Could not load npc #25398 from DB
2020.11.03 19:55:57,633	WARNING	1	org.l2jmobius.gameserver.instancemanager.DBSpawnManager	DBSpawnManager: Could not load npc #25256 from DB
2020.11.03 19:55:57,633	WARNING	1	org.l2jmobius.gameserver.instancemanager.DBSpawnManager	DBSpawnManager: Could not load npc #25047 from DB
2020.11.03 19:55:57,633	WARNING	1	org.l2jmobius.gameserver.instancemanager.DBSpawnManager	DBSpawnManager: Could not load npc #25098 from DB
2020.11.03 19:55:57,633	WARNING	1	org.l2jmobius.gameserver.instancemanager.DBSpawnManager	DBSpawnManager: Could not load npc #25372 from DB
2020.11.03 19:55:57,633	WARNING	1	org.l2jmobius.gameserver.instancemanager.DBSpawnManager	DBSpawnManager: Could not load npc #25152 from DB
2020.11.03 19:55:57,634	WARNING	1	org.l2jmobius.gameserver.instancemanager.DBSpawnManager	DBSpawnManager: Could not load npc #25309 from DB
2020.11.03 19:55:57,634	WARNING	1	org.l2jmobius.gameserver.instancemanager.DBSpawnManager	DBSpawnManager: Could not load npc #25060 from DB
2020.11.03 19:55:57,634	WARNING	1	org.l2jmobius.gameserver.instancemanager.DBSpawnManager	DBSpawnManager: Could not load npc #25429 from DB
2020.11.03 19:55:57,634	WARNING	1	org.l2jmobius.gameserver.instancemanager.DBSpawnManager	DBSpawnManager: Could not load npc #25241 from DB
2020.11.03 19:55:57,634	WARNING	1	org.l2jmobius.gameserver.instancemanager.DBSpawnManager	DBSpawnManager: Could not load npc #25082 from DB
2020.11.03 19:55:57,634	WARNING	1	org.l2jmobius.gameserver.instancemanager.DBSpawnManager	DBSpawnManager: Could not load npc #25125 from DB
2020.11.03 19:55:57,634	WARNING	1	org.l2jmobius.gameserver.instancemanager.DBSpawnManager	DBSpawnManager: Could not load npc #25064 from DB
2020.11.03 19:55:57,634	WARNING	1	org.l2jmobius.gameserver.instancemanager.DBSpawnManager	DBSpawnManager: Could not load npc #25230 from DB
2020.11.03 19:55:57,634	WARNING	1	org.l2jmobius.gameserver.instancemanager.DBSpawnManager	DBSpawnManager: Could not load npc #25357 from DB
2020.11.03 19:55:57,634	WARNING	1	org.l2jmobius.gameserver.instancemanager.DBSpawnManager	DBSpawnManager: Could not load npc #25179 from DB
2020.11.03 19:55:57,634	WARNING	1	org.l2jmobius.gameserver.instancemanager.DBSpawnManager	DBSpawnManager: Could not load npc #25057 from DB
2020.11.03 19:55:57,634	WARNING	1	org.l2jmobius.gameserver.instancemanager.DBSpawnManager	DBSpawnManager: Could not load npc #25067 from DB
2020.11.03 19:55:57,634	WARNING	1	org.l2jmobius.gameserver.instancemanager.DBSpawnManager	DBSpawnManager: Could not load npc #25134 from DB
2020.11.03 19:55:57,635	WARNING	1	org.l2jmobius.gameserver.instancemanager.DBSpawnManager	DBSpawnManager: Could not load npc #25112 from DB
2020.11.03 19:55:57,635	WARNING	1	org.l2jmobius.gameserver.instancemanager.DBSpawnManager	DBSpawnManager: Could not load npc #25456 from DB
2020.11.03 19:55:57,635	WARNING	1	org.l2jmobius.gameserver.instancemanager.DBSpawnManager	DBSpawnManager: Could not load npc #25189 from DB
2020.11.03 19:55:57,635	WARNING	1	org.l2jmobius.gameserver.instancemanager.DBSpawnManager	DBSpawnManager: Could not load npc #25076 from DB
2020.11.03 19:55:57,635	WARNING	1	org.l2jmobius.gameserver.instancemanager.DBSpawnManager	DBSpawnManager: Could not load npc #25032 from DB
2020.11.03 19:55:57,635	WARNING	1	org.l2jmobius.gameserver.instancemanager.DBSpawnManager	DBSpawnManager: Could not load npc #25208 from DB
2020.11.03 19:55:57,635	WARNING	1	org.l2jmobius.gameserver.instancemanager.DBSpawnManager	DBSpawnManager: Could not load npc #25089 from DB
2020.11.03 19:55:57,635	WARNING	1	org.l2jmobius.gameserver.instancemanager.DBSpawnManager	DBSpawnManager: Could not load npc #25415 from DB
2020.11.03 19:55:57,635	WARNING	1	org.l2jmobius.gameserver.instancemanager.DBSpawnManager	DBSpawnManager: Could not load npc #25450 from DB
2020.11.03 19:55:57,635	WARNING	1	org.l2jmobius.gameserver.instancemanager.DBSpawnManager	DBSpawnManager: Could not load npc #25016 from DB
2020.11.03 19:55:57,635	WARNING	1	org.l2jmobius.gameserver.instancemanager.DBSpawnManager	DBSpawnManager: Could not load npc #25238 from DB
2020.11.03 19:55:57,635	WARNING	1	org.l2jmobius.gameserver.instancemanager.DBSpawnManager	DBSpawnManager: Could not load npc #25233 from DB
2020.11.03 19:55:57,635	WARNING	1	org.l2jmobius.gameserver.instancemanager.DBSpawnManager	DBSpawnManager: Could not load npc #25426 from DB
2020.11.03 19:55:57,635	WARNING	1	org.l2jmobius.gameserver.instancemanager.DBSpawnManager	DBSpawnManager: Could not load npc #25044 from DB
2020.11.03 19:55:57,635	WARNING	1	org.l2jmobius.gameserver.instancemanager.DBSpawnManager	DBSpawnManager: Could not load npc #25127 from DB
2020.11.03 19:55:57,636	WARNING	1	org.l2jmobius.gameserver.instancemanager.DBSpawnManager	DBSpawnManager: Could not load npc #25226 from DB
2020.11.03 19:55:57,636	WARNING	1	org.l2jmobius.gameserver.instancemanager.DBSpawnManager	DBSpawnManager: Could not load npc #25149 from DB
2020.11.03 19:55:57,636	WARNING	1	org.l2jmobius.gameserver.instancemanager.DBSpawnManager	DBSpawnManager: Could not load npc #25092 from DB
2020.11.03 19:55:57,636	WARNING	1	org.l2jmobius.gameserver.instancemanager.DBSpawnManager	DBSpawnManager: Could not load npc #25248 from DB
2020.11.03 19:55:57,636	WARNING	1	org.l2jmobius.gameserver.instancemanager.DBSpawnManager	DBSpawnManager: Could not load npc #25173 from DB
2020.11.03 19:55:57,636	WARNING	1	org.l2jmobius.gameserver.instancemanager.DBSpawnManager	DBSpawnManager: Could not load npc #25388 from DB
2020.11.03 19:55:57,636	WARNING	1	org.l2jmobius.gameserver.instancemanager.DBSpawnManager	DBSpawnManager: Could not load npc #25255 from DB
2020.11.03 19:55:57,636	WARNING	1	org.l2jmobius.gameserver.instancemanager.DBSpawnManager	DBSpawnManager: Could not load npc #25391 from DB
2020.11.03 19:55:57,636	WARNING	1	org.l2jmobius.gameserver.instancemanager.DBSpawnManager	DBSpawnManager: Could not load npc #25269 from DB
2020.11.03 19:55:57,636	WARNING	1	org.l2jmobius.gameserver.instancemanager.DBSpawnManager	DBSpawnManager: Could not load npc #25166 from DB
2020.11.03 19:55:57,636	WARNING	1	org.l2jmobius.gameserver.instancemanager.DBSpawnManager	DBSpawnManager: Could not load npc #25438 from DB
2020.11.03 19:55:57,636	WARNING	1	org.l2jmobius.gameserver.instancemanager.DBSpawnManager	DBSpawnManager: Could not load npc #25026 from DB
2020.11.03 19:55:57,636	WARNING	1	org.l2jmobius.gameserver.instancemanager.DBSpawnManager	DBSpawnManager: Could not load npc #25431 from DB
2020.11.03 19:55:57,636	WARNING	1	org.l2jmobius.gameserver.instancemanager.DBSpawnManager	DBSpawnManager: Could not load npc #25103 from DB
2020.11.03 19:55:57,637	WARNING	1	org.l2jmobius.gameserver.instancemanager.DBSpawnManager	DBSpawnManager: Could not load npc #25019 from DB
2020.11.03 19:55:57,637	WARNING	1	org.l2jmobius.gameserver.instancemanager.DBSpawnManager	DBSpawnManager: Could not load npc #25235 from DB
2020.11.03 19:55:57,637	WARNING	1	org.l2jmobius.gameserver.instancemanager.DBSpawnManager	DBSpawnManager: Could not load npc #25369 from DB
2020.11.03 19:55:57,637	WARNING	1	org.l2jmobius.gameserver.instancemanager.DBSpawnManager	DBSpawnManager: Could not load npc #25272 from DB
2020.11.03 19:55:57,637	WARNING	1	org.l2jmobius.gameserver.instancemanager.DBSpawnManager	DBSpawnManager: Could not load npc #25102 from DB
2020.11.03 19:55:57,637	WARNING	1	org.l2jmobius.gameserver.instancemanager.DBSpawnManager	DBSpawnManager: Could not load npc #25444 from DB
2020.11.03 19:55:57,637	WARNING	1	org.l2jmobius.gameserver.instancemanager.DBSpawnManager	DBSpawnManager: Could not load npc #25460 from DB
2020.11.03 19:55:57,637	WARNING	1	org.l2jmobius.gameserver.instancemanager.DBSpawnManager	DBSpawnManager: Could not load npc #25023 from DB
2020.11.03 19:55:57,637	WARNING	1	org.l2jmobius.gameserver.instancemanager.DBSpawnManager	DBSpawnManager: Could not load npc #25395 from DB
2020.11.03 19:55:57,637	WARNING	1	org.l2jmobius.gameserver.instancemanager.DBSpawnManager	DBSpawnManager: Could not load npc #25365 from DB
2020.11.03 19:55:57,637	WARNING	1	org.l2jmobius.gameserver.instancemanager.DBSpawnManager	DBSpawnManager: Could not load npc #25501 from DB
2020.11.03 19:55:57,637	WARNING	1	org.l2jmobius.gameserver.instancemanager.DBSpawnManager	DBSpawnManager: Could not load npc #25038 from DB
2020.11.03 19:55:57,637	WARNING	1	org.l2jmobius.gameserver.instancemanager.DBSpawnManager	DBSpawnManager: Could not load npc #25155 from DB
2020.11.03 19:55:57,638	WARNING	1	org.l2jmobius.gameserver.instancemanager.DBSpawnManager	DBSpawnManager: Could not load npc #25085 from DB
2020.11.03 19:55:57,638	WARNING	1	org.l2jmobius.gameserver.instancemanager.DBSpawnManager	DBSpawnManager: Could not load npc #25496 from DB
2020.11.03 19:55:57,638	WARNING	1	org.l2jmobius.gameserver.instancemanager.DBSpawnManager	DBSpawnManager: Could not load npc #25322 from DB
2020.11.03 19:55:57,638	WARNING	1	org.l2jmobius.gameserver.instancemanager.DBSpawnManager	DBSpawnManager: Could not load npc #25260 from DB
2020.11.03 19:55:57,638	WARNING	1	org.l2jmobius.gameserver.instancemanager.DBSpawnManager	DBSpawnManager: Could not load npc #25192 from DB
2020.11.03 19:55:57,638	WARNING	1	org.l2jmobius.gameserver.instancemanager.DBSpawnManager	DBSpawnManager: Could not load npc #25293 from DB
2020.11.03 19:55:57,638	WARNING	1	org.l2jmobius.gameserver.instancemanager.DBSpawnManager	DBSpawnManager: Could not load npc #25115 from DB
2020.11.03 19:55:57,638	WARNING	1	org.l2jmobius.gameserver.instancemanager.DBSpawnManager	DBSpawnManager: Could not load npc #25095 from DB
2020.11.03 19:55:57,638	WARNING	1	org.l2jmobius.gameserver.instancemanager.DBSpawnManager	DBSpawnManager: Could not load npc #25366 from DB
2020.11.03 19:55:57,638	WARNING	1	org.l2jmobius.gameserver.instancemanager.DBSpawnManager	DBSpawnManager: Could not load npc #25051 from DB
2020.11.03 19:55:57,638	WARNING	1	org.l2jmobius.gameserver.instancemanager.DBSpawnManager	DBSpawnManager: Could not load npc #25063 from DB
2020.11.03 19:55:57,638	WARNING	1	org.l2jmobius.gameserver.instancemanager.DBSpawnManager	DBSpawnManager: Could not load npc #25004 from DB
2020.11.03 19:55:57,638	WARNING	1	org.l2jmobius.gameserver.instancemanager.DBSpawnManager	DBSpawnManager: Could not load npc #25410 from DB
2020.11.03 19:55:57,638	WARNING	1	org.l2jmobius.gameserver.instancemanager.DBSpawnManager	DBSpawnManager: Could not load npc #25131 from DB
2020.11.03 19:55:57,639	WARNING	1	org.l2jmobius.gameserver.instancemanager.DBSpawnManager	DBSpawnManager: Could not load npc #25437 from DB
2020.11.03 19:55:57,639	WARNING	1	org.l2jmobius.gameserver.instancemanager.DBSpawnManager	DBSpawnManager: Could not load npc #25299 from DB
2020.11.03 19:55:57,639	WARNING	1	org.l2jmobius.gameserver.instancemanager.DBSpawnManager	DBSpawnManager: Could not load npc #25214 from DB
2020.11.03 19:55:57,639	WARNING	1	org.l2jmobius.gameserver.instancemanager.DBSpawnManager	DBSpawnManager: Could not load npc #25106 from DB
2020.11.03 19:55:57,639	WARNING	1	org.l2jmobius.gameserver.instancemanager.DBSpawnManager	DBSpawnManager: Could not load npc #25041 from DB
2020.11.03 19:55:57,639	WARNING	1	org.l2jmobius.gameserver.instancemanager.DBSpawnManager	DBSpawnManager: Could not load npc #25079 from DB
2020.11.03 19:55:57,639	WARNING	1	org.l2jmobius.gameserver.instancemanager.DBSpawnManager	DBSpawnManager: Could not load npc #25394 from DB
2020.11.03 19:55:57,639	WARNING	1	org.l2jmobius.gameserver.instancemanager.DBSpawnManager	DBSpawnManager: Could not load npc #25211 from DB
2020.11.03 19:55:57,639	WARNING	1	org.l2jmobius.gameserver.instancemanager.DBSpawnManager	DBSpawnManager: Could not load npc #26045 from DB
2020.11.03 19:55:57,639	WARNING	1	org.l2jmobius.gameserver.instancemanager.DBSpawnManager	DBSpawnManager: Could not load npc #25070 from DB
2020.11.03 19:55:57,639	WARNING	1	org.l2jmobius.gameserver.instancemanager.DBSpawnManager	DBSpawnManager: Could not load npc #25159 from DB
2020.11.03 19:55:57,639	WARNING	1	org.l2jmobius.gameserver.instancemanager.DBSpawnManager	DBSpawnManager: Could not load npc #26082 from DB
2020.11.03 19:55:57,639	WARNING	1	org.l2jmobius.gameserver.instancemanager.DBSpawnManager	DBSpawnManager: Could not load npc #26178 from DB
2020.11.03 19:55:57,640	WARNING	1	org.l2jmobius.gameserver.instancemanager.DBSpawnManager	DBSpawnManager: Could not load npc #26164 from DB
2020.11.03 19:55:57,640	WARNING	1	org.l2jmobius.gameserver.instancemanager.DBSpawnManager	DBSpawnManager: Could not load npc #25959 from DB
2020.11.03 19:55:57,643	WARNING	1	org.l2jmobius.gameserver.instancemanager.DBSpawnManager	DBSpawnManager: Could not load npc #26060 from DB
2020.11.03 19:55:57,645	WARNING	1	org.l2jmobius.gameserver.instancemanager.DBSpawnManager	DBSpawnManager: Could not load npc #25979 from DB
2020.11.03 19:55:57,645	WARNING	1	org.l2jmobius.gameserver.instancemanager.DBSpawnManager	DBSpawnManager: Could not load npc #25957 from DB
2020.11.03 19:55:57,647	WARNING	1	org.l2jmobius.gameserver.instancemanager.DBSpawnManager	DBSpawnManager: Could not load npc #26187 from DB
2020.11.03 19:55:57,653	WARNING	1	org.l2jmobius.gameserver.instancemanager.DBSpawnManager	DBSpawnManager: Could not load npc #25970 from DB
2020.11.03 19:55:57,670	WARNING	1	org.l2jmobius.gameserver.instancemanager.DBSpawnManager	DBSpawnManager: Could not load npc #25992 from DB
2020.11.03 19:55:57,679	WARNING	1	org.l2jmobius.gameserver.instancemanager.DBSpawnManager	DBSpawnManager: Could not load npc #26038 from DB
2020.11.03 19:55:57,682	INFO	1	org.l2jmobius.gameserver.instancemanager.DBSpawnManager	DBSpawnManager: Loaded 45 instances.
2020.11.03 19:55:57,683	INFO	1	org.l2jmobius.gameserver.instancemanager.DBSpawnManager	DBSpawnManager: Scheduled 0 instances.
2020.11.03 19:56:03,661	INFO	1	org.l2jmobius.gameserver.data.xml.impl.SpawnData	SpawnData: All spawns has been initialized!
2020.11.03 19:56:03,661	INFO	1	org.l2jmobius.gameserver.GameServer	--------------------------------------------=[ Event Engine ]
2020.11.03 19:56:03,677	INFO	1	org.l2jmobius.gameserver.instancemanager.CeremonyOfChaosManager	CeremonyOfChaosManager: Ceremony of Chaos event has started!
2020.11.03 19:56:03,678	INFO	1	org.l2jmobius.gameserver.model.eventengine.conditions.BetweenConditionalScheduler	Event CeremonyOfChaosManager will resume because is within the event period.
2020.11.03 19:56:03,678	INFO	1	org.l2jmobius.gameserver.data.xml.impl.EventEngineData	EventEngineData: CeremonyOfChaosManager: Initialized.
2020.11.03 19:56:03,681	INFO	1	org.l2jmobius.gameserver.instancemanager.ClanHallAuctionManager	ClanHallAuctionManager: Clan Hall Auction has started!
2020.11.03 19:56:03,693	INFO	1	org.l2jmobius.gameserver.model.eventengine.conditions.BetweenConditionalScheduler	Event ClanHallAuctionManager will resume because is within the event period.
2020.11.03 19:56:03,693	INFO	1	org.l2jmobius.gameserver.data.xml.impl.EventEngineData	EventEngineData: ClanHallAuctionManager: Initialized.
2020.11.03 19:56:03,699	INFO	1	org.l2jmobius.gameserver.data.xml.impl.EventEngineData	EventEngineData: DailyTaskManager: Initialized.
2020.11.03 19:56:03,701	INFO	1	org.l2jmobius.gameserver.model.votereward.VoteSystem	VoteSystem: Disabled.
2020.11.03 19:56:03,701	INFO	1	org.l2jmobius.gameserver.GameServer	---------------------------------------------------=[ Siege ]
2020.11.03 19:56:03,707	INFO	1	org.l2jmobius.gameserver.model.entity.Siege	Siege of Gludio: Sun Nov 08 16:00:00 EET 2020
2020.11.03 19:56:03,708	INFO	1	org.l2jmobius.gameserver.model.entity.Siege	Siege of Dion: Sun Nov 08 20:00:00 EET 2020
2020.11.03 19:56:03,709	INFO	1	org.l2jmobius.gameserver.model.entity.Siege	Siege of Giran: Sun Nov 08 16:00:00 EET 2020
2020.11.03 19:56:03,709	INFO	1	org.l2jmobius.gameserver.model.entity.Siege	Siege of Oren: Sun Nov 08 20:00:00 EET 2020
2020.11.03 19:56:03,709	INFO	1	org.l2jmobius.gameserver.model.entity.Siege	Siege of Aden: Sun Nov 08 16:00:00 EET 2020
2020.11.03 19:56:03,711	INFO	1	org.l2jmobius.gameserver.model.entity.Siege	Siege of Innadril: Sun Nov 08 20:00:00 EET 2020
2020.11.03 19:56:03,711	INFO	1	org.l2jmobius.gameserver.model.entity.Siege	Siege of Goddard: Sun Nov 08 16:00:00 EET 2020
2020.11.03 19:56:03,712	INFO	1	org.l2jmobius.gameserver.model.entity.Siege	Siege of Rune: Sun Nov 08 20:00:00 EET 2020
2020.11.03 19:56:03,712	INFO	1	org.l2jmobius.gameserver.model.entity.Siege	Siege of Schuttgart: Sun Nov 08 16:00:00 EET 2020
2020.11.03 19:56:03,874	INFO	1	org.l2jmobius.gameserver.instancemanager.FortManager	FortManager: Loaded 20 fortress.
2020.11.03 19:56:03,974	INFO	1	org.l2jmobius.gameserver.data.xml.impl.SiegeScheduleData	SiegeScheduleData: Loaded 9 siege schedulers.
2020.11.03 19:56:03,983	INFO	1	org.l2jmobius.gameserver.instancemanager.CastleManorManager	CastleManorManager: Loaded 258 seeds.
2020.11.03 19:56:03,987	INFO	1	org.l2jmobius.gameserver.instancemanager.CastleManorManager	CastleManorManager: Manor data loaded.
2020.11.03 19:56:03,991	INFO	1	org.l2jmobius.gameserver.instancemanager.SiegeGuardManager	SiegeGuardManager: Loaded 0 siege guards tickets.
2020.11.03 19:56:03,991	INFO	1	org.l2jmobius.gameserver.instancemanager.QuestManager	QuestManager: Loaded 52 quests.
2020.11.03 19:56:03,991	INFO	1	org.l2jmobius.gameserver.instancemanager.QuestManager	QuestManager: Loaded 393 scripts.
2020.11.03 19:56:04,001	INFO	1	org.l2jmobius.gameserver.taskmanager.TaskManager	TaskManager: Loaded 5 Tasks.
2020.11.03 19:56:04,003	INFO	1	org.l2jmobius.gameserver.instancemanager.MailManager	MailManager: Loaded 0 messages.
2020.11.03 19:56:04,006	INFO	1	org.l2jmobius.gameserver.instancemanager.PunishmentManager	PunishmentManager: Loaded 0 active and 0 expired punishments.
2020.11.03 19:56:04,007	INFO	1	org.l2jmobius.gameserver.GameServer	IdManager: Free ObjectID's remaining: 1878992125
2020.11.03 19:56:04,011	INFO	1	org.l2jmobius.gameserver.data.sql.impl.OfflineTraderTable	OfflineTraderTable: Loading offline traders...
2020.11.03 19:56:04,011	INFO	1	org.l2jmobius.gameserver.data.sql.impl.OfflineTraderTable	OfflineTraderTable: Loaded 0 offline traders.
2020.11.03 19:56:04,785	INFO	1	org.l2jmobius.gameserver.GameServer	GameServer: Started, using 1217 of 4084 MB total memory.
2020.11.03 19:56:04,786	INFO	1	org.l2jmobius.gameserver.GameServer	GameServer: Maximum number of connected players is 2000.
2020.11.03 19:56:04,786	INFO	1	org.l2jmobius.gameserver.GameServer	GameServer: Server loaded in 59 seconds.
2020.11.03 19:56:04,954	INFO	1	org.l2jmobius.commons.network.NetworkManager	ClientNetworkManager: Listening on 0.0.0.0:7777
2020.11.03 19:56:04,963	INFO	317	org.l2jmobius.gameserver.LoginServerThread	LoginServerThread: Connecting to login on 127.0.0.1:9014
2020.11.03 19:56:05,018	INFO	317	org.l2jmobius.gameserver.LoginServerThread	LoginServerThread: Registered on login as Server 2: Sieghardt
2020.11.03 19:59:58,678	WARNING	319	org.l2jmobius.gameserver.model.actor.Creature	Master access level set for character Admin2! Just a warning to be careful ;)
2020.11.03 19:59:58,763	WARNING	319	org.l2jmobius.gameserver.model.itemcontainer.Inventory	Could not restore item 65000 for PlayerInstance:Admin2[268493828]
2020.11.03 20:00:00,013	INFO	90	org.l2jmobius.gameserver.instancemanager.GlobalVariablesManager	GlobalVariablesManager: Stored 9 variables.
2020.11.03 20:00:21,423	WARNING	319	org.l2jmobius.gameserver.network.clientpackets.IClientIncomingPacket	Could not find spawn info for boss 29020.
2020.11.03 20:00:21,423	WARNING	319	org.l2jmobius.gameserver.network.clientpackets.IClientIncomingPacket	Could not find spawn info for boss 29336.
2020.11.03 20:00:21,424	WARNING	319	org.l2jmobius.gameserver.network.clientpackets.IClientIncomingPacket	Could not find spawn info for boss 29348.
2020.11.03 20:00:21,424	WARNING	319	org.l2jmobius.gameserver.network.clientpackets.IClientIncomingPacket	Could not find spawn info for boss 29379.
2020.11.03 20:00:21,424	WARNING	319	org.l2jmobius.gameserver.network.clientpackets.IClientIncomingPacket	Could not find spawn info for boss 26441.
2020.11.03 20:00:21,424	WARNING	319	org.l2jmobius.gameserver.network.clientpackets.IClientIncomingPacket	Could not find spawn info for boss 26443.
2020.11.03 20:06:01,722	WARNING	24	org.l2jmobius.gameserver.Shutdown	Server scheduled restart issued shutdown command. Shutdown in 1 seconds!
2020.11.03 20:06:02,723	WARNING	324	org.l2jmobius.gameserver.Shutdown	GM shutdown countdown is over. shutting down NOW!
